{"/home/travis/build/npmtest/node-npmtest-validatorjs/test.js":{"path":"/home/travis/build/npmtest/node-npmtest-validatorjs/test.js","s":{"1":2,"2":2,"3":2,"4":2,"5":2,"6":2,"7":2,"8":1,"9":2,"10":2,"11":1,"12":1,"13":1,"14":1,"15":2,"16":2,"17":2,"18":2,"19":1,"20":1,"21":2,"22":2,"23":2,"24":1,"25":1,"26":1,"27":1,"28":1,"29":1,"30":1,"31":1,"32":1,"33":1,"34":1,"35":1,"36":1,"37":1,"38":1,"39":2,"40":2,"41":1,"42":2,"43":2,"44":1,"45":2,"46":2,"47":1,"48":2,"49":2,"50":1,"51":1,"52":1,"53":1,"54":1},"b":{"1":[2,1,1,1],"2":[1,1,1,1],"3":[1,1],"4":[1,1],"5":[1,1],"6":[1,1],"7":[1,1],"8":[1,1],"9":[1,1],"10":[1,1,1],"11":[1,1],"12":[1,1],"13":[1,1],"14":[1,1],"15":[1,1],"16":[1,1],"17":[1,1]},"f":{"1":2,"2":2,"3":2,"4":2,"5":2,"6":1,"7":1,"8":1,"9":2,"10":2,"11":2,"12":2,"13":1},"fnMap":{"1":{"name":"(anonymous_1)","line":12,"loc":{"start":{"line":12,"column":1},"end":{"line":12,"column":13}}},"2":{"name":"(anonymous_2)","line":19,"loc":{"start":{"line":19,"column":5},"end":{"line":19,"column":17}}},"3":{"name":"(anonymous_3)","line":23,"loc":{"start":{"line":23,"column":24},"end":{"line":23,"column":36}}},"4":{"name":"(anonymous_4)","line":61,"loc":{"start":{"line":61,"column":5},"end":{"line":61,"column":17}}},"5":{"name":"(anonymous_5)","line":82,"loc":{"start":{"line":82,"column":5},"end":{"line":82,"column":17}}},"6":{"name":"(anonymous_6)","line":91,"loc":{"start":{"line":91,"column":77},"end":{"line":94,"column":10}}},"7":{"name":"(anonymous_7)","line":112,"loc":{"start":{"line":112,"column":83},"end":{"line":115,"column":10}},"skip":true},"8":{"name":"(anonymous_8)","line":123,"loc":{"start":{"line":123,"column":77},"end":{"line":126,"column":10}},"skip":true},"9":{"name":"(anonymous_9)","line":139,"loc":{"start":{"line":139,"column":12},"end":{"line":139,"column":40}},"skip":true},"10":{"name":"(anonymous_10)","line":147,"loc":{"start":{"line":147,"column":77},"end":{"line":150,"column":10}},"skip":true},"11":{"name":"(anonymous_11)","line":158,"loc":{"start":{"line":158,"column":83},"end":{"line":161,"column":10}},"skip":true},"12":{"name":"(anonymous_12)","line":169,"loc":{"start":{"line":169,"column":79},"end":{"line":172,"column":10}},"skip":true},"13":{"name":"(anonymous_13)","line":180,"loc":{"start":{"line":180,"column":75},"end":{"line":183,"column":10}},"skip":true}},"statementMap":{"1":{"start":{"line":12,"column":0},"end":{"line":195,"column":5}},"2":{"start":{"line":14,"column":4},"end":{"line":14,"column":14}},"3":{"start":{"line":19,"column":4},"end":{"line":56,"column":9}},"4":{"start":{"line":21,"column":8},"end":{"line":21,"column":19}},"5":{"start":{"line":23,"column":8},"end":{"line":35,"column":13}},"6":{"start":{"line":24,"column":12},"end":{"line":34,"column":13}},"7":{"start":{"line":25,"column":16},"end":{"line":28,"column":30}},"8":{"start":{"line":30,"column":16},"end":{"line":33,"column":27}},"9":{"start":{"line":37,"column":8},"end":{"line":39,"column":21}},"10":{"start":{"line":40,"column":8},"end":{"line":53,"column":9}},"11":{"start":{"line":43,"column":12},"end":{"line":46,"column":14}},"12":{"start":{"line":47,"column":12},"end":{"line":47,"column":18}},"13":{"start":{"line":50,"column":12},"end":{"line":51,"column":46}},"14":{"start":{"line":52,"column":12},"end":{"line":52,"column":18}},"15":{"start":{"line":55,"column":8},"end":{"line":55,"column":35}},"16":{"start":{"line":61,"column":4},"end":{"line":63,"column":9}},"17":{"start":{"line":62,"column":8},"end":{"line":62,"column":15}},"18":{"start":{"line":64,"column":4},"end":{"line":77,"column":5}},"19":{"start":{"line":70,"column":8},"end":{"line":70,"column":14}},"20":{"start":{"line":76,"column":8},"end":{"line":76,"column":14}},"21":{"start":{"line":82,"column":4},"end":{"line":84,"column":9}},"22":{"start":{"line":83,"column":8},"end":{"line":83,"column":15}},"23":{"start":{"line":85,"column":4},"end":{"line":194,"column":5}},"24":{"start":{"line":91,"column":8},"end":{"line":99,"column":10}},"25":{"start":{"line":98,"column":12},"end":{"line":98,"column":35}},"26":{"start":{"line":102,"column":8},"end":{"line":104,"column":63}},"27":{"start":{"line":105,"column":8},"end":{"line":105,"column":14}},"28":{"start":{"line":112,"column":8},"end":{"line":121,"column":10},"skip":true},"29":{"start":{"line":119,"column":12},"end":{"line":119,"column":55},"skip":true},"30":{"start":{"line":120,"column":12},"end":{"line":120,"column":48},"skip":true},"31":{"start":{"line":123,"column":8},"end":{"line":136,"column":10},"skip":true},"32":{"start":{"line":130,"column":12},"end":{"line":130,"column":76},"skip":true},"33":{"start":{"line":131,"column":12},"end":{"line":131,"column":73},"skip":true},"34":{"start":{"line":132,"column":12},"end":{"line":132,"column":74},"skip":true},"35":{"start":{"line":133,"column":12},"end":{"line":133,"column":79},"skip":true},"36":{"start":{"line":134,"column":12},"end":{"line":134,"column":25},"skip":true},"37":{"start":{"line":135,"column":12},"end":{"line":135,"column":45},"skip":true},"38":{"start":{"line":138,"column":8},"end":{"line":145,"column":14},"skip":true},"39":{"start":{"line":143,"column":16},"end":{"line":143,"column":29},"skip":true},"40":{"start":{"line":144,"column":16},"end":{"line":144,"column":55},"skip":true},"41":{"start":{"line":147,"column":8},"end":{"line":156,"column":10},"skip":true},"42":{"start":{"line":154,"column":12},"end":{"line":154,"column":25},"skip":true},"43":{"start":{"line":155,"column":12},"end":{"line":155,"column":45},"skip":true},"44":{"start":{"line":158,"column":8},"end":{"line":167,"column":10},"skip":true},"45":{"start":{"line":165,"column":12},"end":{"line":165,"column":25},"skip":true},"46":{"start":{"line":166,"column":12},"end":{"line":166,"column":48},"skip":true},"47":{"start":{"line":169,"column":8},"end":{"line":178,"column":10},"skip":true},"48":{"start":{"line":176,"column":12},"end":{"line":176,"column":25},"skip":true},"49":{"start":{"line":177,"column":12},"end":{"line":177,"column":46},"skip":true},"50":{"start":{"line":180,"column":8},"end":{"line":189,"column":10},"skip":true},"51":{"start":{"line":187,"column":12},"end":{"line":187,"column":94},"skip":true},"52":{"start":{"line":188,"column":12},"end":{"line":188,"column":48},"skip":true},"53":{"start":{"line":192,"column":8},"end":{"line":192,"column":35},"skip":true},"54":{"start":{"line":193,"column":8},"end":{"line":193,"column":14},"skip":true}},"branchMap":{"1":{"line":25,"type":"binary-expr","locations":[{"start":{"line":25,"column":23},"end":{"line":25,"column":62}},{"start":{"line":26,"column":20},"end":{"line":26,"column":70}},{"start":{"line":27,"column":20},"end":{"line":27,"column":71}},{"start":{"line":28,"column":20},"end":{"line":28,"column":29}}]},"2":{"line":30,"type":"binary-expr","locations":[{"start":{"line":30,"column":23},"end":{"line":30,"column":37}},{"start":{"line":31,"column":20},"end":{"line":31,"column":61}},{"start":{"line":32,"column":20},"end":{"line":32,"column":70}},{"start":{"line":33,"column":20},"end":{"line":33,"column":26}}]},"3":{"line":37,"type":"cond-expr","locations":[{"start":{"line":38,"column":14},"end":{"line":38,"column":20}},{"start":{"line":39,"column":14},"end":{"line":39,"column":20}}]},"4":{"line":40,"type":"switch","locations":[{"start":{"line":42,"column":8},"end":{"line":47,"column":18}},{"start":{"line":49,"column":8},"end":{"line":52,"column":18}}]},"5":{"line":44,"type":"binary-expr","locations":[{"start":{"line":44,"column":16},"end":{"line":44,"column":44}},{"start":{"line":44,"column":48},"end":{"line":44,"column":66}}]},"6":{"line":50,"type":"binary-expr","locations":[{"start":{"line":50,"column":21},"end":{"line":50,"column":49}},{"start":{"line":50,"column":53},"end":{"line":50,"column":72}}]},"7":{"line":64,"type":"switch","locations":[{"start":{"line":69,"column":4},"end":{"line":70,"column":14}},{"start":{"line":75,"column":4},"end":{"line":76,"column":14}}]},"8":{"line":85,"type":"switch","locations":[{"start":{"line":90,"column":4},"end":{"line":105,"column":14}},{"start":{"line":111,"column":4},"end":{"line":193,"column":14},"skip":true}]},"9":{"line":91,"type":"binary-expr","locations":[{"start":{"line":91,"column":42},"end":{"line":91,"column":73}},{"start":{"line":91,"column":77},"end":{"line":99,"column":9}}]},"10":{"line":102,"type":"binary-expr","locations":[{"start":{"line":102,"column":18},"end":{"line":102,"column":32}},{"start":{"line":103,"column":12},"end":{"line":103,"column":53}},{"start":{"line":104,"column":12},"end":{"line":104,"column":61}}]},"11":{"line":112,"type":"binary-expr","locations":[{"start":{"line":112,"column":45},"end":{"line":112,"column":79},"skip":true},{"start":{"line":112,"column":83},"end":{"line":121,"column":9},"skip":true}]},"12":{"line":123,"type":"binary-expr","locations":[{"start":{"line":123,"column":42},"end":{"line":123,"column":73},"skip":true},{"start":{"line":123,"column":77},"end":{"line":136,"column":9},"skip":true}]},"13":{"line":138,"type":"binary-expr","locations":[{"start":{"line":138,"column":48},"end":{"line":138,"column":85},"skip":true},{"start":{"line":139,"column":12},"end":{"line":145,"column":13},"skip":true}]},"14":{"line":147,"type":"binary-expr","locations":[{"start":{"line":147,"column":42},"end":{"line":147,"column":73},"skip":true},{"start":{"line":147,"column":77},"end":{"line":156,"column":9},"skip":true}]},"15":{"line":158,"type":"binary-expr","locations":[{"start":{"line":158,"column":45},"end":{"line":158,"column":79},"skip":true},{"start":{"line":158,"column":83},"end":{"line":167,"column":9},"skip":true}]},"16":{"line":169,"type":"binary-expr","locations":[{"start":{"line":169,"column":43},"end":{"line":169,"column":75},"skip":true},{"start":{"line":169,"column":79},"end":{"line":178,"column":9},"skip":true}]},"17":{"line":180,"type":"binary-expr","locations":[{"start":{"line":180,"column":41},"end":{"line":180,"column":71},"skip":true},{"start":{"line":180,"column":75},"end":{"line":189,"column":9},"skip":true}]}},"code":["/* istanbul instrument in package npmtest_validatorjs */","/*jslint","    bitwise: true,","    browser: true,","    maxerr: 8,","    maxlen: 96,","    node: true,","    nomen: true,","    regexp: true,","    stupid: true","*/","(function () {","    'use strict';","    var local;","","","","    // run shared js-env code - pre-init","    (function () {","        // init local","        local = {};","        // init modeJs","        local.modeJs = (function () {","            try {","                return typeof navigator.userAgent === 'string' &&","                    typeof document.querySelector('body') === 'object' &&","                    typeof XMLHttpRequest.prototype.open === 'function' &&","                    'browser';","            } catch (errorCaughtBrowser) {","                return module.exports &&","                    typeof process.versions.node === 'string' &&","                    typeof require('http').createServer === 'function' &&","                    'node';","            }","        }());","        // init global","        local.global = local.modeJs === 'browser'","            ? window","            : global;","        switch (local.modeJs) {","        // re-init local from window.local","        case 'browser':","            local = local.global.utility2.objectSetDefault(","                local.global.utility2_rollup || local.global.local,","                local.global.utility2","            );","            break;","        // re-init local from example.js","        case 'node':","            local = (local.global.utility2_rollup || require('utility2'))","                .requireExampleJsFromReadme();","            break;","        }","        // export local","        local.global.local = local;","    }());","","","","    // run shared js-env code - function","    (function () {","        return;","    }());","    switch (local.modeJs) {","","","","    // run browser js-env code - function","    case 'browser':","        break;","","","","    // run node js-env code - function","    case 'node':","        break;","    }","","","","    // run shared js-env code - post-init","    (function () {","        return;","    }());","    switch (local.modeJs) {","","","","    // run browser js-env code - post-init","    case 'browser':","        local.testCase_browser_nullCase = local.testCase_browser_nullCase || function (","            options,","            onError","        ) {","        /*","         * this function will test browsers's null-case handling-behavior-behavior","         */","            onError(null, options);","        };","","        // run tests","        local.nop(local.modeTest &&","            document.querySelector('#testRunButton1') &&","            document.querySelector('#testRunButton1').click());","        break;","","","","    // run node js-env code - post-init","    /* istanbul ignore next */","    case 'node':","        local.testCase_buildApidoc_default = local.testCase_buildApidoc_default || function (","            options,","            onError","        ) {","        /*","         * this function will test buildApidoc's default handling-behavior-behavior","         */","            options = { modulePathList: module.paths };","            local.buildApidoc(options, onError);","        };","","        local.testCase_buildApp_default = local.testCase_buildApp_default || function (","            options,","            onError","        ) {","        /*","         * this function will test buildApp's default handling-behavior-behavior","         */","            local.testCase_buildReadme_default(options, local.onErrorThrow);","            local.testCase_buildLib_default(options, local.onErrorThrow);","            local.testCase_buildTest_default(options, local.onErrorThrow);","            local.testCase_buildCustomOrg_default(options, local.onErrorThrow);","            options = [];","            local.buildApp(options, onError);","        };","","        local.testCase_buildCustomOrg_default = local.testCase_buildCustomOrg_default ||","            function (options, onError) {","            /*","             * this function will test buildCustomOrg's default handling-behavior","             */","                options = {};","                local.buildCustomOrg(options, onError);","            };","","        local.testCase_buildLib_default = local.testCase_buildLib_default || function (","            options,","            onError","        ) {","        /*","         * this function will test buildLib's default handling-behavior","         */","            options = {};","            local.buildLib(options, onError);","        };","","        local.testCase_buildReadme_default = local.testCase_buildReadme_default || function (","            options,","            onError","        ) {","        /*","         * this function will test buildReadme's default handling-behavior-behavior","         */","            options = {};","            local.buildReadme(options, onError);","        };","","        local.testCase_buildTest_default = local.testCase_buildTest_default || function (","            options,","            onError","        ) {","        /*","         * this function will test buildTest's default handling-behavior","         */","            options = {};","            local.buildTest(options, onError);","        };","","        local.testCase_webpage_default = local.testCase_webpage_default || function (","            options,","            onError","        ) {","        /*","         * this function will test webpage's default handling-behavior","         */","            options = { modeCoverageMerge: true, url: local.serverLocalHost + '?modeTest=1' };","            local.browserTest(options, onError);","        };","","        // run test-server","        local.testRunServer(local);","        break;","    }","}());",""],"l":{"12":2,"14":2,"19":2,"21":2,"23":2,"24":2,"25":2,"30":1,"37":2,"40":2,"43":1,"47":1,"50":1,"52":1,"55":2,"61":2,"62":2,"64":2,"70":1,"76":1,"82":2,"83":2,"85":2,"91":1,"98":1,"102":1,"105":1,"112":1,"119":1,"120":1,"123":1,"130":1,"131":1,"132":1,"133":1,"134":1,"135":1,"138":1,"143":2,"144":2,"147":1,"154":2,"155":2,"158":1,"165":2,"166":2,"169":1,"176":2,"177":2,"180":1,"187":1,"188":1,"192":1,"193":1}},"/home/travis/build/npmtest/node-npmtest-validatorjs/lib.npmtest_validatorjs.js":{"path":"/home/travis/build/npmtest/node-npmtest-validatorjs/lib.npmtest_validatorjs.js","s":{"1":2,"2":2,"3":2,"4":2,"5":2,"6":2,"7":2,"8":1,"9":2,"10":2,"11":2,"12":2,"13":1,"14":1,"15":1,"16":1},"b":{"1":[2,1,1,1],"2":[1,1,1,1],"3":[1,1],"4":[2,2],"5":[1,1]},"f":{"1":2,"2":2,"3":2},"fnMap":{"1":{"name":"(anonymous_1)","line":12,"loc":{"start":{"line":12,"column":1},"end":{"line":12,"column":13}}},"2":{"name":"(anonymous_2)","line":19,"loc":{"start":{"line":19,"column":5},"end":{"line":19,"column":17}}},"3":{"name":"(anonymous_3)","line":23,"loc":{"start":{"line":23,"column":24},"end":{"line":23,"column":36}}}},"statementMap":{"1":{"start":{"line":12,"column":0},"end":{"line":53,"column":5}},"2":{"start":{"line":14,"column":4},"end":{"line":14,"column":14}},"3":{"start":{"line":19,"column":4},"end":{"line":52,"column":9}},"4":{"start":{"line":21,"column":8},"end":{"line":21,"column":19}},"5":{"start":{"line":23,"column":8},"end":{"line":35,"column":13}},"6":{"start":{"line":24,"column":12},"end":{"line":34,"column":13}},"7":{"start":{"line":25,"column":16},"end":{"line":28,"column":30}},"8":{"start":{"line":30,"column":16},"end":{"line":33,"column":27}},"9":{"start":{"line":37,"column":8},"end":{"line":39,"column":21}},"10":{"start":{"line":41,"column":8},"end":{"line":41,"column":54}},"11":{"start":{"line":43,"column":8},"end":{"line":43,"column":56}},"12":{"start":{"line":45,"column":8},"end":{"line":51,"column":9}},"13":{"start":{"line":46,"column":12},"end":{"line":46,"column":62}},"14":{"start":{"line":48,"column":12},"end":{"line":48,"column":35}},"15":{"start":{"line":49,"column":12},"end":{"line":49,"column":49}},"16":{"start":{"line":50,"column":12},"end":{"line":50,"column":43}}},"branchMap":{"1":{"line":25,"type":"binary-expr","locations":[{"start":{"line":25,"column":23},"end":{"line":25,"column":62}},{"start":{"line":26,"column":20},"end":{"line":26,"column":70}},{"start":{"line":27,"column":20},"end":{"line":27,"column":71}},{"start":{"line":28,"column":20},"end":{"line":28,"column":29}}]},"2":{"line":30,"type":"binary-expr","locations":[{"start":{"line":30,"column":23},"end":{"line":30,"column":37}},{"start":{"line":31,"column":20},"end":{"line":31,"column":61}},{"start":{"line":32,"column":20},"end":{"line":32,"column":70}},{"start":{"line":33,"column":20},"end":{"line":33,"column":26}}]},"3":{"line":37,"type":"cond-expr","locations":[{"start":{"line":38,"column":14},"end":{"line":38,"column":20}},{"start":{"line":39,"column":14},"end":{"line":39,"column":20}}]},"4":{"line":41,"type":"binary-expr","locations":[{"start":{"line":41,"column":16},"end":{"line":41,"column":44}},{"start":{"line":41,"column":48},"end":{"line":41,"column":53}}]},"5":{"line":45,"type":"if","locations":[{"start":{"line":45,"column":8},"end":{"line":45,"column":8}},{"start":{"line":45,"column":8},"end":{"line":45,"column":8}}]}},"code":["/* istanbul instrument in package npmtest_validatorjs */","/*jslint","    bitwise: true,","    browser: true,","    maxerr: 8,","    maxlen: 96,","    node: true,","    nomen: true,","    regexp: true,","    stupid: true","*/","(function () {","    'use strict';","    var local;","","","","    // run shared js-env code - pre-init","    (function () {","        // init local","        local = {};","        // init modeJs","        local.modeJs = (function () {","            try {","                return typeof navigator.userAgent === 'string' &&","                    typeof document.querySelector('body') === 'object' &&","                    typeof XMLHttpRequest.prototype.open === 'function' &&","                    'browser';","            } catch (errorCaughtBrowser) {","                return module.exports &&","                    typeof process.versions.node === 'string' &&","                    typeof require('http').createServer === 'function' &&","                    'node';","            }","        }());","        // init global","        local.global = local.modeJs === 'browser'","            ? window","            : global;","        // init utility2_rollup","        local = local.global.utility2_rollup || local;","        // init lib","        local.local = local.npmtest_validatorjs = local;","        // init exports","        if (local.modeJs === 'browser') {","            local.global.utility2_npmtest_validatorjs = local;","        } else {","            module.exports = local;","            module.exports.__dirname = __dirname;","            module.exports.module = module;","        }","    }());","}());",""],"l":{"12":2,"14":2,"19":2,"21":2,"23":2,"24":2,"25":2,"30":1,"37":2,"41":2,"43":2,"45":2,"46":1,"48":1,"49":1,"50":1}},"/home/travis/build/npmtest/node-npmtest-validatorjs/example.js":{"path":"/home/travis/build/npmtest/node-npmtest-validatorjs/example.js","s":{"1":2,"2":2,"3":2,"4":2,"5":2,"6":2,"7":2,"8":1,"9":2,"10":2,"11":2,"12":2,"13":1,"14":2,"15":2,"16":2,"17":2,"18":2,"19":0,"20":2,"21":1,"22":1,"23":1,"24":1,"25":1,"26":0,"27":0,"28":1,"29":1,"30":2,"31":0,"32":0,"33":0,"34":1,"35":2,"36":2,"37":3,"38":3,"39":3,"40":3,"41":0,"42":3,"43":3,"44":3,"45":1,"46":3,"47":1,"48":1,"49":1,"50":1,"51":1,"52":1,"53":1,"54":1,"55":1,"56":1,"57":0,"58":1,"59":6,"60":6,"61":1,"62":2,"63":0,"64":2,"65":1,"66":1,"67":0,"68":0,"69":0,"70":0,"71":0,"72":0,"73":0,"74":0,"75":0,"76":0,"77":0,"78":0,"79":0,"80":0,"81":0,"82":0,"83":0},"b":{"1":[2,1,1,1],"2":[1,1,1,1],"3":[1,1],"4":[2,2],"5":[1,1],"6":[1,1],"7":[2,0],"8":[2,1,1,1,1,1],"9":[0,2,0],"10":[1,1],"11":[2,1,1],"12":[1,0],"13":[0,2],"14":[2,0,0,0,0,0,0],"15":[0,3],"16":[3,0],"17":[1,1],"18":[0,1],"19":[1,2,0,2],"20":[1,0],"21":[1,1],"22":[0,0],"23":[0,0],"24":[0,0],"25":[0,0],"26":[0,0],"27":[0,0],"28":[0,0]},"f":{"1":2,"2":2,"3":2,"4":2,"5":2,"6":2,"7":3,"8":3,"9":3,"10":1,"11":6,"12":0},"fnMap":{"1":{"name":"(anonymous_1)","line":26,"loc":{"start":{"line":26,"column":1},"end":{"line":26,"column":13}}},"2":{"name":"(anonymous_2)","line":33,"loc":{"start":{"line":33,"column":5},"end":{"line":33,"column":17}}},"3":{"name":"(anonymous_3)","line":37,"loc":{"start":{"line":37,"column":24},"end":{"line":37,"column":36}}},"4":{"name":"(anonymous_4)","line":69,"loc":{"start":{"line":69,"column":31},"end":{"line":69,"column":48}},"skip":true},"5":{"name":"(anonymous_5)","line":78,"loc":{"start":{"line":78,"column":26},"end":{"line":78,"column":45}},"skip":true},"6":{"name":"(anonymous_6)","line":123,"loc":{"start":{"line":123,"column":33},"end":{"line":123,"column":48}},"skip":true},"7":{"name":"(anonymous_7)","line":125,"loc":{"start":{"line":125,"column":27},"end":{"line":125,"column":39}},"skip":true},"8":{"name":"(anonymous_8)","line":133,"loc":{"start":{"line":133,"column":59},"end":{"line":133,"column":74}},"skip":true},"9":{"name":"(anonymous_9)","line":143,"loc":{"start":{"line":143,"column":45},"end":{"line":143,"column":62}},"skip":true},"10":{"name":"(anonymous_10)","line":144,"loc":{"start":{"line":144,"column":73},"end":{"line":144,"column":92}},"skip":true},"11":{"name":"(anonymous_11)","line":272,"loc":{"start":{"line":272,"column":51},"end":{"line":272,"column":77}},"skip":true},"12":{"name":"(anonymous_12)","line":315,"loc":{"start":{"line":315,"column":32},"end":{"line":315,"column":61}},"skip":true}},"statementMap":{"1":{"start":{"line":26,"column":0},"end":{"line":326,"column":5}},"2":{"start":{"line":28,"column":4},"end":{"line":28,"column":14}},"3":{"start":{"line":33,"column":4},"end":{"line":60,"column":9}},"4":{"start":{"line":35,"column":8},"end":{"line":35,"column":19}},"5":{"start":{"line":37,"column":8},"end":{"line":49,"column":13}},"6":{"start":{"line":38,"column":12},"end":{"line":48,"column":13}},"7":{"start":{"line":39,"column":16},"end":{"line":42,"column":30}},"8":{"start":{"line":44,"column":16},"end":{"line":47,"column":27}},"9":{"start":{"line":51,"column":8},"end":{"line":53,"column":21}},"10":{"start":{"line":55,"column":8},"end":{"line":57,"column":45}},"11":{"start":{"line":59,"column":8},"end":{"line":59,"column":35}},"12":{"start":{"line":61,"column":4},"end":{"line":325,"column":5}},"13":{"start":{"line":69,"column":8},"end":{"line":121,"column":10},"skip":true},"14":{"start":{"line":70,"column":12},"end":{"line":88,"column":13},"skip":true},"15":{"start":{"line":76,"column":16},"end":{"line":87,"column":19},"skip":true},"16":{"start":{"line":79,"column":20},"end":{"line":86,"column":21},"skip":true},"17":{"start":{"line":82,"column":24},"end":{"line":82,"column":43},"skip":true},"18":{"start":{"line":83,"column":24},"end":{"line":83,"column":30},"skip":true},"19":{"start":{"line":85,"column":24},"end":{"line":85,"column":49},"skip":true},"20":{"start":{"line":89,"column":12},"end":{"line":107,"column":13},"skip":true},"21":{"start":{"line":92,"column":16},"end":{"line":102,"column":17},"skip":true},"22":{"start":{"line":93,"column":20},"end":{"line":93,"column":86},"skip":true},"23":{"start":{"line":94,"column":20},"end":{"line":95,"column":45},"skip":true},"24":{"start":{"line":96,"column":20},"end":{"line":96,"column":42},"skip":true},"25":{"start":{"line":97,"column":20},"end":{"line":97,"column":48},"skip":true},"26":{"start":{"line":100,"column":20},"end":{"line":100,"column":85},"skip":true},"27":{"start":{"line":101,"column":20},"end":{"line":101,"column":96},"skip":true},"28":{"start":{"line":103,"column":16},"end":{"line":103,"column":22},"skip":true},"29":{"start":{"line":106,"column":16},"end":{"line":106,"column":22},"skip":true},"30":{"start":{"line":108,"column":12},"end":{"line":120,"column":13},"skip":true},"31":{"start":{"line":114,"column":16},"end":{"line":119,"column":17},"skip":true},"32":{"start":{"line":116,"column":20},"end":{"line":116,"column":78},"skip":true},"33":{"start":{"line":118,"column":20},"end":{"line":118,"column":47},"skip":true},"34":{"start":{"line":123,"column":8},"end":{"line":141,"column":11},"skip":true},"35":{"start":{"line":124,"column":12},"end":{"line":124,"column":54},"skip":true},"36":{"start":{"line":125,"column":12},"end":{"line":140,"column":14},"skip":true},"37":{"start":{"line":126,"column":16},"end":{"line":126,"column":28},"skip":true},"38":{"start":{"line":127,"column":16},"end":{"line":127,"column":69},"skip":true},"39":{"start":{"line":128,"column":16},"end":{"line":128,"column":75},"skip":true},"40":{"start":{"line":129,"column":16},"end":{"line":131,"column":17},"skip":true},"41":{"start":{"line":130,"column":20},"end":{"line":130,"column":27},"skip":true},"42":{"start":{"line":133,"column":16},"end":{"line":137,"column":36},"skip":true},"43":{"start":{"line":134,"column":20},"end":{"line":136,"column":55},"skip":true},"44":{"start":{"line":139,"column":16},"end":{"line":139,"column":57},"skip":true},"45":{"start":{"line":143,"column":8},"end":{"line":147,"column":11},"skip":true},"46":{"start":{"line":144,"column":12},"end":{"line":146,"column":15},"skip":true},"47":{"start":{"line":145,"column":16},"end":{"line":145,"column":70},"skip":true},"48":{"start":{"line":149,"column":8},"end":{"line":149,"column":31},"skip":true},"49":{"start":{"line":150,"column":8},"end":{"line":150,"column":14},"skip":true},"50":{"start":{"line":158,"column":8},"end":{"line":158,"column":31},"skip":true},"51":{"start":{"line":160,"column":8},"end":{"line":160,"column":33},"skip":true},"52":{"start":{"line":161,"column":8},"end":{"line":161,"column":37},"skip":true},"53":{"start":{"line":162,"column":8},"end":{"line":162,"column":35},"skip":true},"54":{"start":{"line":164,"column":8},"end":{"line":164,"column":50},"skip":true},"55":{"start":{"line":166,"column":8},"end":{"line":256,"column":2},"skip":true},"56":{"start":{"line":258,"column":8},"end":{"line":286,"column":9},"skip":true},"57":{"start":{"line":259,"column":12},"end":{"line":269,"column":14},"skip":true},"58":{"start":{"line":271,"column":12},"end":{"line":285,"column":19},"skip":true},"59":{"start":{"line":274,"column":20},"end":{"line":274,"column":35},"skip":true},"60":{"start":{"line":275,"column":20},"end":{"line":284,"column":21},"skip":true},"61":{"start":{"line":277,"column":24},"end":{"line":277,"column":64},"skip":true},"62":{"start":{"line":279,"column":24},"end":{"line":279,"column":40},"skip":true},"63":{"start":{"line":281,"column":24},"end":{"line":281,"column":40},"skip":true},"64":{"start":{"line":283,"column":24},"end":{"line":283,"column":39},"skip":true},"65":{"start":{"line":288,"column":8},"end":{"line":290,"column":9},"skip":true},"66":{"start":{"line":289,"column":12},"end":{"line":289,"column":18},"skip":true},"67":{"start":{"line":291,"column":8},"end":{"line":293,"column":54},"skip":true},"68":{"start":{"line":296,"column":8},"end":{"line":301,"column":37},"skip":true},"69":{"start":{"line":303,"column":8},"end":{"line":303,"column":82},"skip":true},"70":{"start":{"line":306,"column":8},"end":{"line":308,"column":9},"skip":true},"71":{"start":{"line":307,"column":12},"end":{"line":307,"column":82},"skip":true},"72":{"start":{"line":310,"column":8},"end":{"line":312,"column":9},"skip":true},"73":{"start":{"line":311,"column":12},"end":{"line":311,"column":18},"skip":true},"74":{"start":{"line":313,"column":8},"end":{"line":313,"column":54},"skip":true},"75":{"start":{"line":314,"column":8},"end":{"line":314,"column":69},"skip":true},"76":{"start":{"line":315,"column":8},"end":{"line":323,"column":36},"skip":true},"77":{"start":{"line":316,"column":12},"end":{"line":316,"column":61},"skip":true},"78":{"start":{"line":317,"column":12},"end":{"line":320,"column":13},"skip":true},"79":{"start":{"line":318,"column":16},"end":{"line":318,"column":75},"skip":true},"80":{"start":{"line":319,"column":16},"end":{"line":319,"column":23},"skip":true},"81":{"start":{"line":321,"column":12},"end":{"line":321,"column":38},"skip":true},"82":{"start":{"line":322,"column":12},"end":{"line":322,"column":27},"skip":true},"83":{"start":{"line":324,"column":8},"end":{"line":324,"column":14},"skip":true}},"branchMap":{"1":{"line":39,"type":"binary-expr","locations":[{"start":{"line":39,"column":23},"end":{"line":39,"column":62}},{"start":{"line":40,"column":20},"end":{"line":40,"column":70}},{"start":{"line":41,"column":20},"end":{"line":41,"column":71}},{"start":{"line":42,"column":20},"end":{"line":42,"column":29}}]},"2":{"line":44,"type":"binary-expr","locations":[{"start":{"line":44,"column":23},"end":{"line":44,"column":37}},{"start":{"line":45,"column":20},"end":{"line":45,"column":61}},{"start":{"line":46,"column":20},"end":{"line":46,"column":70}},{"start":{"line":47,"column":20},"end":{"line":47,"column":26}}]},"3":{"line":51,"type":"cond-expr","locations":[{"start":{"line":52,"column":14},"end":{"line":52,"column":20}},{"start":{"line":53,"column":14},"end":{"line":53,"column":20}}]},"4":{"line":55,"type":"binary-expr","locations":[{"start":{"line":55,"column":16},"end":{"line":55,"column":44}},{"start":{"line":55,"column":49},"end":{"line":57,"column":43}}]},"5":{"line":55,"type":"cond-expr","locations":[{"start":{"line":56,"column":14},"end":{"line":56,"column":55}},{"start":{"line":57,"column":14},"end":{"line":57,"column":43}}]},"6":{"line":61,"type":"switch","locations":[{"start":{"line":68,"column":4},"end":{"line":150,"column":14},"skip":true},{"start":{"line":156,"column":4},"end":{"line":324,"column":14},"skip":true}]},"7":{"line":70,"type":"if","locations":[{"start":{"line":70,"column":12},"end":{"line":70,"column":12},"skip":true},{"start":{"line":70,"column":12},"end":{"line":70,"column":12},"skip":true}]},"8":{"line":70,"type":"binary-expr","locations":[{"start":{"line":70,"column":16},"end":{"line":70,"column":22},"skip":true},{"start":{"line":70,"column":27},"end":{"line":70,"column":32},"skip":true},{"start":{"line":71,"column":20},"end":{"line":71,"column":39},"skip":true},{"start":{"line":72,"column":20},"end":{"line":72,"column":49},"skip":true},{"start":{"line":73,"column":20},"end":{"line":73,"column":58},"skip":true},{"start":{"line":74,"column":20},"end":{"line":74,"column":69},"skip":true}]},"9":{"line":79,"type":"switch","locations":[{"start":{"line":80,"column":20},"end":{"line":80,"column":33},"skip":true},{"start":{"line":81,"column":20},"end":{"line":83,"column":30},"skip":true},{"start":{"line":84,"column":20},"end":{"line":85,"column":49},"skip":true}]},"10":{"line":89,"type":"switch","locations":[{"start":{"line":90,"column":12},"end":{"line":103,"column":22},"skip":true},{"start":{"line":105,"column":12},"end":{"line":106,"column":22},"skip":true}]},"11":{"line":89,"type":"binary-expr","locations":[{"start":{"line":89,"column":20},"end":{"line":89,"column":25},"skip":true},{"start":{"line":89,"column":29},"end":{"line":89,"column":48},"skip":true},{"start":{"line":89,"column":52},"end":{"line":89,"column":74},"skip":true}]},"12":{"line":92,"type":"if","locations":[{"start":{"line":92,"column":16},"end":{"line":92,"column":16},"skip":true},{"start":{"line":92,"column":16},"end":{"line":92,"column":16},"skip":true}]},"13":{"line":108,"type":"if","locations":[{"start":{"line":108,"column":12},"end":{"line":108,"column":12},"skip":true},{"start":{"line":108,"column":12},"end":{"line":108,"column":12},"skip":true}]},"14":{"line":108,"type":"binary-expr","locations":[{"start":{"line":108,"column":16},"end":{"line":108,"column":61},"skip":true},{"start":{"line":108,"column":66},"end":{"line":108,"column":72},"skip":true},{"start":{"line":108,"column":77},"end":{"line":108,"column":82},"skip":true},{"start":{"line":109,"column":20},"end":{"line":109,"column":39},"skip":true},{"start":{"line":110,"column":20},"end":{"line":110,"column":49},"skip":true},{"start":{"line":111,"column":20},"end":{"line":111,"column":58},"skip":true},{"start":{"line":112,"column":20},"end":{"line":112,"column":68},"skip":true}]},"15":{"line":129,"type":"if","locations":[{"start":{"line":129,"column":16},"end":{"line":129,"column":16},"skip":true},{"start":{"line":129,"column":16},"end":{"line":129,"column":16},"skip":true}]},"16":{"line":134,"type":"cond-expr","locations":[{"start":{"line":135,"column":26},"end":{"line":135,"column":29},"skip":true},{"start":{"line":136,"column":26},"end":{"line":136,"column":54},"skip":true}]},"17":{"line":164,"type":"binary-expr","locations":[{"start":{"line":164,"column":27},"end":{"line":164,"column":43},"skip":true},{"start":{"line":164,"column":47},"end":{"line":164,"column":49},"skip":true}]},"18":{"line":258,"type":"if","locations":[{"start":{"line":258,"column":8},"end":{"line":258,"column":8},"skip":true},{"start":{"line":258,"column":8},"end":{"line":258,"column":8},"skip":true}]},"19":{"line":275,"type":"switch","locations":[{"start":{"line":276,"column":20},"end":{"line":277,"column":64},"skip":true},{"start":{"line":278,"column":20},"end":{"line":279,"column":40},"skip":true},{"start":{"line":280,"column":20},"end":{"line":281,"column":40},"skip":true},{"start":{"line":282,"column":20},"end":{"line":283,"column":39},"skip":true}]},"20":{"line":288,"type":"if","locations":[{"start":{"line":288,"column":8},"end":{"line":288,"column":8},"skip":true},{"start":{"line":288,"column":8},"end":{"line":288,"column":8},"skip":true}]},"21":{"line":288,"type":"binary-expr","locations":[{"start":{"line":288,"column":12},"end":{"line":288,"column":40},"skip":true},{"start":{"line":288,"column":44},"end":{"line":288,"column":67},"skip":true}]},"22":{"line":292,"type":"binary-expr","locations":[{"start":{"line":292,"column":12},"end":{"line":292,"column":50},"skip":true},{"start":{"line":293,"column":12},"end":{"line":293,"column":53},"skip":true}]},"23":{"line":297,"type":"binary-expr","locations":[{"start":{"line":297,"column":12},"end":{"line":297,"column":69},"skip":true},{"start":{"line":298,"column":12},"end":{"line":301,"column":36},"skip":true}]},"24":{"line":303,"type":"binary-expr","locations":[{"start":{"line":303,"column":43},"end":{"line":303,"column":75},"skip":true},{"start":{"line":303,"column":79},"end":{"line":303,"column":81},"skip":true}]},"25":{"line":306,"type":"if","locations":[{"start":{"line":306,"column":8},"end":{"line":306,"column":8},"skip":true},{"start":{"line":306,"column":8},"end":{"line":306,"column":8},"skip":true}]},"26":{"line":310,"type":"if","locations":[{"start":{"line":310,"column":8},"end":{"line":310,"column":8},"skip":true},{"start":{"line":310,"column":8},"end":{"line":310,"column":8},"skip":true}]},"27":{"line":313,"type":"binary-expr","locations":[{"start":{"line":313,"column":27},"end":{"line":313,"column":43},"skip":true},{"start":{"line":313,"column":47},"end":{"line":313,"column":53},"skip":true}]},"28":{"line":317,"type":"if","locations":[{"start":{"line":317,"column":12},"end":{"line":317,"column":12},"skip":true},{"start":{"line":317,"column":12},"end":{"line":317,"column":12},"skip":true}]}},"code":["/*","example.js","","quickstart example","","instruction","    1. save this script as example.js","    2. run the shell command:","        $ npm install npmtest-validatorjs && PORT=8081 node example.js","    3. play with the browser-demo on http://127.0.0.1:8081","*/","","","","/* istanbul instrument in package npmtest_validatorjs */","/*jslint","    bitwise: true,","    browser: true,","    maxerr: 8,","    maxlen: 96,","    node: true,","    nomen: true,","    regexp: true,","    stupid: true","*/","(function () {","    'use strict';","    var local;","","","","    // run shared js-env code - pre-init","    (function () {","        // init local","        local = {};","        // init modeJs","        local.modeJs = (function () {","            try {","                return typeof navigator.userAgent === 'string' &&","                    typeof document.querySelector('body') === 'object' &&","                    typeof XMLHttpRequest.prototype.open === 'function' &&","                    'browser';","            } catch (errorCaughtBrowser) {","                return module.exports &&","                    typeof process.versions.node === 'string' &&","                    typeof require('http').createServer === 'function' &&","                    'node';","            }","        }());","        // init global","        local.global = local.modeJs === 'browser'","            ? window","            : global;","        // init utility2_rollup","        local = local.global.utility2_rollup || (local.modeJs === 'browser'","            ? local.global.utility2_npmtest_validatorjs","            : global.utility2_moduleExports);","        // export local","        local.global.local = local;","    }());","    switch (local.modeJs) {","","","","    // post-init","    // run browser js-env code - post-init","    /* istanbul ignore next */","    case 'browser':","        local.testRunBrowser = function (event) {","            if (!event || (event &&","                    event.currentTarget &&","                    event.currentTarget.className &&","                    event.currentTarget.className.includes &&","                    event.currentTarget.className.includes('onreset'))) {","                // reset output","                Array.from(","                    document.querySelectorAll('body > .resettable')","                ).forEach(function (element) {","                    switch (element.tagName) {","                    case 'INPUT':","                    case 'TEXTAREA':","                        element.value = '';","                        break;","                    default:","                        element.textContent = '';","                    }","                });","            }","            switch (event && event.currentTarget && event.currentTarget.id) {","            case 'testRunButton1':","                // show tests","                if (document.querySelector('#testReportDiv1').style.display === 'none') {","                    document.querySelector('#testReportDiv1').style.display = 'block';","                    document.querySelector('#testRunButton1').textContent =","                        'hide internal test';","                    local.modeTest = true;","                    local.testRunDefault(local);","                // hide tests","                } else {","                    document.querySelector('#testReportDiv1').style.display = 'none';","                    document.querySelector('#testRunButton1').textContent = 'run internal test';","                }","                break;","            // custom-case","            default:","                break;","            }","            if (document.querySelector('#inputTextareaEval1') && (!event || (event &&","                    event.currentTarget &&","                    event.currentTarget.className &&","                    event.currentTarget.className.includes &&","                    event.currentTarget.className.includes('oneval')))) {","                // try to eval input-code","                try {","                    /*jslint evil: true*/","                    eval(document.querySelector('#inputTextareaEval1').value);","                } catch (errorCaught) {","                    console.error(errorCaught);","                }","            }","        };","        // log stderr and stdout to #outputTextareaStdout1","        ['error', 'log'].forEach(function (key) {","            console[key + '_original'] = console[key];","            console[key] = function () {","                var element;","                console[key + '_original'].apply(console, arguments);","                element = document.querySelector('#outputTextareaStdout1');","                if (!element) {","                    return;","                }","                // append text to #outputTextareaStdout1","                element.value += Array.from(arguments).map(function (arg) {","                    return typeof arg === 'string'","                        ? arg","                        : JSON.stringify(arg, null, 4);","                }).join(' ') + '\\n';","                // scroll textarea to bottom","                element.scrollTop = element.scrollHeight;","            };","        });","        // init event-handling","        ['change', 'click', 'keyup'].forEach(function (event) {","            Array.from(document.querySelectorAll('.on' + event)).forEach(function (element) {","                element.addEventListener(event, local.testRunBrowser);","            });","        });","        // run tests","        local.testRunBrowser();","        break;","","","","    // run node js-env code - post-init","    /* istanbul ignore next */","    case 'node':","        // export local","        module.exports = local;","        // require modules","        local.fs = require('fs');","        local.http = require('http');","        local.url = require('url');","        // init assets","        local.assetsDict = local.assetsDict || {};","        /* jslint-ignore-begin */","        local.assetsDict['/assets.index.template.html'] = '\\","<!doctype html>\\n\\","<html lang=\"en\">\\n\\","<head>\\n\\","<meta charset=\"UTF-8\">\\n\\","<meta name=\"viewport\" content=\"width=device-width, initial-scale=1\">\\n\\","<title>{{env.npm_package_name}} (v{{env.npm_package_version}})</title>\\n\\","<style>\\n\\","/*csslint\\n\\","    box-sizing: false,\\n\\","    universal-selector: false\\n\\","*/\\n\\","* {\\n\\","    box-sizing: border-box;\\n\\","}\\n\\","body {\\n\\","    background: #dde;\\n\\","    font-family: Arial, Helvetica, sans-serif;\\n\\","    margin: 2rem;\\n\\","}\\n\\","body > * {\\n\\","    margin-bottom: 1rem;\\n\\","}\\n\\",".utility2FooterDiv {\\n\\","    margin-top: 20px;\\n\\","    text-align: center;\\n\\","}\\n\\","</style>\\n\\","<style>\\n\\","/*csslint\\n\\","*/\\n\\","textarea {\\n\\","    font-family: monospace;\\n\\","    height: 10rem;\\n\\","    width: 100%;\\n\\","}\\n\\","textarea[readonly] {\\n\\","    background: #ddd;\\n\\","}\\n\\","</style>\\n\\","</head>\\n\\","<body>\\n\\","<!-- utility2-comment\\n\\","<div id=\"ajaxProgressDiv1\" style=\"background: #d00; height: 2px; left: 0; margin: 0; padding: 0; position: fixed; top: 0; transition: background 0.5s, width 1.5s; width: 25%;\"></div>\\n\\","utility2-comment -->\\n\\","<h1>\\n\\","<!-- utility2-comment\\n\\","    <a\\n\\","        {{#if env.npm_package_homepage}}\\n\\","        href=\"{{env.npm_package_homepage}}\"\\n\\","        {{/if env.npm_package_homepage}}\\n\\","        target=\"_blank\"\\n\\","    >\\n\\","utility2-comment -->\\n\\","        {{env.npm_package_name}} (v{{env.npm_package_version}})\\n\\","<!-- utility2-comment\\n\\","    </a>\\n\\","utility2-comment -->\\n\\","</h1>\\n\\","<h3>{{env.npm_package_description}}</h3>\\n\\","<!-- utility2-comment\\n\\","<h4><a download href=\"assets.app.js\">download standalone app</a></h4>\\n\\","<button class=\"onclick onreset\" id=\"testRunButton1\">run internal test</button><br>\\n\\","<div id=\"testReportDiv1\" style=\"display: none;\"></div>\\n\\","utility2-comment -->\\n\\","\\n\\","\\n\\","\\n\\","<label>stderr and stdout</label>\\n\\","<textarea class=\"resettable\" id=\"outputTextareaStdout1\" readonly></textarea>\\n\\","<!-- utility2-comment\\n\\","{{#if isRollup}}\\n\\","<script src=\"assets.app.js\"></script>\\n\\","{{#unless isRollup}}\\n\\","utility2-comment -->\\n\\","<script src=\"assets.utility2.rollup.js\"></script>\\n\\","<script src=\"jsonp.utility2._stateInit?callback=window.utility2._stateInit\"></script>\\n\\","<script src=\"assets.npmtest_validatorjs.rollup.js\"></script>\\n\\","<script src=\"assets.example.js\"></script>\\n\\","<script src=\"assets.test.js\"></script>\\n\\","<!-- utility2-comment\\n\\","{{/if isRollup}}\\n\\","utility2-comment -->\\n\\","<div class=\"utility2FooterDiv\">\\n\\","    [ this app was created with\\n\\","    <a href=\"https://github.com/kaizhu256/node-utility2\" target=\"_blank\">utility2</a>\\n\\","    ]\\n\\","</div>\\n\\","</body>\\n\\","</html>\\n\\","';","        /* jslint-ignore-end */","        if (local.templateRender) {","            local.assetsDict['/'] = local.templateRender(","                local.assetsDict['/assets.index.template.html'],","                {","                    env: local.objectSetDefault(local.env, {","                        npm_package_description: 'the greatest app in the world!',","                        npm_package_name: 'my-app',","                        npm_package_nameAlias: 'my_app',","                        npm_package_version: '0.0.1'","                    })","                }","            );","        } else {","            local.assetsDict['/'] = local.assetsDict['/assets.index.template.html']","                .replace((/\\{\\{env\\.(\\w+?)\\}\\}/g), function (match0, match1) {","                    // jslint-hack","                    String(match0);","                    switch (match1) {","                    case 'npm_package_description':","                        return 'the greatest app in the world!';","                    case 'npm_package_name':","                        return 'my-app';","                    case 'npm_package_nameAlias':","                        return 'my_app';","                    case 'npm_package_version':","                        return '0.0.1';","                    }","                });","        }","        // run the cli","        if (local.global.utility2_rollup || module !== require.main) {","            break;","        }","        local.assetsDict['/assets.example.js'] =","            local.assetsDict['/assets.example.js'] ||","            local.fs.readFileSync(__filename, 'utf8');","        // bug-workaround - long $npm_package_buildCustomOrg","        /* jslint-ignore-begin */","        local.assetsDict['/assets.npmtest_validatorjs.rollup.js'] =","            local.assetsDict['/assets.npmtest_validatorjs.rollup.js'] ||","            local.fs.readFileSync(","                local.npmtest_validatorjs.__dirname + '/lib.npmtest_validatorjs.js',","                'utf8'","            ).replace((/^#!/), '//');","        /* jslint-ignore-end */","        local.assetsDict['/favicon.ico'] = local.assetsDict['/favicon.ico'] || '';","        // if $npm_config_timeout_exit exists,","        // then exit this process after $npm_config_timeout_exit ms","        if (Number(process.env.npm_config_timeout_exit)) {","            setTimeout(process.exit, Number(process.env.npm_config_timeout_exit));","        }","        // start server","        if (local.global.utility2_serverHttp1) {","            break;","        }","        process.env.PORT = process.env.PORT || '8081';","        console.error('server starting on port ' + process.env.PORT);","        local.http.createServer(function (request, response) {","            request.urlParsed = local.url.parse(request.url);","            if (local.assetsDict[request.urlParsed.pathname] !== undefined) {","                response.end(local.assetsDict[request.urlParsed.pathname]);","                return;","            }","            response.statusCode = 404;","            response.end();","        }).listen(process.env.PORT);","        break;","    }","}());",""],"l":{"26":2,"28":2,"33":2,"35":2,"37":2,"38":2,"39":2,"44":1,"51":2,"55":2,"59":2,"61":2,"69":1,"70":2,"76":2,"79":2,"82":2,"83":2,"85":1,"89":2,"92":1,"93":1,"94":1,"96":1,"97":1,"100":1,"101":1,"103":1,"106":1,"108":2,"114":1,"116":1,"118":1,"123":1,"124":2,"125":2,"126":3,"127":3,"128":3,"129":3,"130":1,"133":3,"134":3,"139":3,"143":1,"144":3,"145":1,"149":1,"150":1,"158":1,"160":1,"161":1,"162":1,"164":1,"166":1,"258":1,"259":1,"271":1,"274":6,"275":6,"277":1,"279":2,"281":1,"283":2,"288":1,"289":1,"291":1,"296":1,"303":1,"306":1,"307":1,"310":1,"311":1,"313":1,"314":1,"315":1,"316":1,"317":1,"318":1,"319":1,"321":1,"322":1,"324":1}},"/home/travis/build/npmtest/node-npmtest-validatorjs/node_modules/validatorjs/src/validator.js":{"path":"/home/travis/build/npmtest/node-npmtest-validatorjs/node_modules/validatorjs/src/validator.js","s":{"1":1,"2":1,"3":1,"4":1,"5":1,"6":1,"7":0,"8":0,"9":0,"10":0,"11":0,"12":0,"13":0,"14":0,"15":0,"16":1,"17":0,"18":0,"19":0,"20":0,"21":0,"22":0,"23":0,"24":0,"25":0,"26":0,"27":0,"28":0,"29":0,"30":0,"31":0,"32":0,"33":0,"34":0,"35":0,"36":0,"37":0,"38":0,"39":0,"40":0,"41":0,"42":0,"43":0,"44":0,"45":0,"46":0,"47":0,"48":0,"49":0,"50":0,"51":0,"52":0,"53":0,"54":0,"55":0,"56":0,"57":0,"58":0,"59":0,"60":0,"61":0,"62":0,"63":0,"64":0,"65":0,"66":1,"67":0,"68":0,"69":0,"70":0,"71":0,"72":0,"73":0,"74":0,"75":0,"76":0,"77":0,"78":0,"79":0,"80":0,"81":0,"82":0,"83":0,"84":0,"85":0,"86":0,"87":0,"88":0,"89":0,"90":0,"91":0,"92":0,"93":0,"94":0,"95":0,"96":0,"97":0,"98":0,"99":0,"100":0,"101":0,"102":0,"103":0,"104":0,"105":0,"106":0,"107":0,"108":0,"109":0,"110":0,"111":0,"112":0,"113":0,"114":0,"115":0,"116":0,"117":0,"118":0,"119":0,"120":0,"121":0,"122":0,"123":0,"124":0,"125":0,"126":0,"127":0,"128":0,"129":0,"130":0,"131":0,"132":0,"133":0,"134":0,"135":0,"136":0,"137":0,"138":0,"139":0,"140":0,"141":0,"142":0,"143":0,"144":0,"145":1,"146":0,"147":0,"148":1,"149":0,"150":1,"151":0,"152":1,"153":0,"154":1,"155":0,"156":1,"157":0,"158":1,"159":0,"160":0,"161":0,"162":1,"163":0,"164":0,"165":0,"166":1},"b":{"1":[0,0],"2":[0,0],"3":[0,0],"4":[0,0],"5":[0,0],"6":[0,0],"7":[0,0],"8":[0,0],"9":[0,0],"10":[0,0],"11":[0,0],"12":[0,0],"13":[0,0],"14":[0,0],"15":[0,0],"16":[0,0],"17":[0,0],"18":[0,0],"19":[0,0],"20":[0,0],"21":[0,0],"22":[0,0],"23":[0,0],"24":[0,0],"25":[0,0],"26":[0,0],"27":[0,0],"28":[0,0],"29":[0,0,0],"30":[0,0],"31":[0,0],"32":[0,0],"33":[0,0],"34":[0,0],"35":[0,0]},"f":{"1":0,"2":0,"3":0,"4":0,"5":0,"6":0,"7":0,"8":0,"9":0,"10":0,"11":0,"12":0,"13":0,"14":0,"15":0,"16":0,"17":0,"18":0,"19":0,"20":0,"21":0,"22":0,"23":0,"24":0,"25":0,"26":0,"27":0,"28":0,"29":0,"30":0,"31":0,"32":0,"33":0,"34":0,"35":0,"36":0,"37":0},"fnMap":{"1":{"name":"(anonymous_1)","line":7,"loc":{"start":{"line":7,"column":16},"end":{"line":7,"column":55}}},"2":{"name":"(anonymous_2)","line":52,"loc":{"start":{"line":52,"column":9},"end":{"line":52,"column":20}}},"3":{"name":"(anonymous_3)","line":92,"loc":{"start":{"line":92,"column":14},"end":{"line":92,"column":38}}},"4":{"name":"(anonymous_4)","line":94,"loc":{"start":{"line":94,"column":23},"end":{"line":94,"column":34}}},"5":{"name":"(anonymous_5)","line":95,"loc":{"start":{"line":95,"column":21},"end":{"line":95,"column":32}}},"6":{"name":"(anonymous_6)","line":97,"loc":{"start":{"line":97,"column":19},"end":{"line":97,"column":43}}},"7":{"name":"(anonymous_7)","line":101,"loc":{"start":{"line":101,"column":22},"end":{"line":101,"column":42}}},"8":{"name":"(anonymous_8)","line":111,"loc":{"start":{"line":111,"column":23},"end":{"line":111,"column":74}}},"9":{"name":"(anonymous_9)","line":112,"loc":{"start":{"line":112,"column":13},"end":{"line":112,"column":24}}},"10":{"name":"(anonymous_10)","line":114,"loc":{"start":{"line":114,"column":64},"end":{"line":114,"column":75}}},"11":{"name":"(anonymous_11)","line":150,"loc":{"start":{"line":150,"column":15},"end":{"line":150,"column":30}}},"12":{"name":"(anonymous_12)","line":162,"loc":{"start":{"line":162,"column":18},"end":{"line":162,"column":33}}},"13":{"name":"recurse","line":164,"loc":{"start":{"line":164,"column":4},"end":{"line":164,"column":41}}},"14":{"name":"(anonymous_14)","line":194,"loc":{"start":{"line":194,"column":15},"end":{"line":194,"column":36}}},"15":{"name":"(anonymous_15)","line":224,"loc":{"start":{"line":224,"column":15},"end":{"line":224,"column":31}}},"16":{"name":"(anonymous_16)","line":254,"loc":{"start":{"line":254,"column":21},"end":{"line":254,"column":41}}},"17":{"name":"(anonymous_17)","line":264,"loc":{"start":{"line":264,"column":28},"end":{"line":264,"column":49}}},"18":{"name":"(anonymous_18)","line":286,"loc":{"start":{"line":286,"column":12},"end":{"line":286,"column":43}}},"19":{"name":"(anonymous_19)","line":302,"loc":{"start":{"line":302,"column":19},"end":{"line":302,"column":39}}},"20":{"name":"(anonymous_20)","line":313,"loc":{"start":{"line":313,"column":18},"end":{"line":313,"column":40}}},"21":{"name":"(anonymous_21)","line":328,"loc":{"start":{"line":328,"column":25},"end":{"line":328,"column":57}}},"22":{"name":"(anonymous_22)","line":348,"loc":{"start":{"line":348,"column":21},"end":{"line":348,"column":42}}},"23":{"name":"(anonymous_23)","line":358,"loc":{"start":{"line":358,"column":25},"end":{"line":358,"column":40}}},"24":{"name":"(anonymous_24)","line":368,"loc":{"start":{"line":368,"column":11},"end":{"line":368,"column":26}}},"25":{"name":"(anonymous_25)","line":378,"loc":{"start":{"line":378,"column":15},"end":{"line":378,"column":36}}},"26":{"name":"(anonymous_26)","line":388,"loc":{"start":{"line":388,"column":10},"end":{"line":388,"column":27}}},"27":{"name":"(anonymous_27)","line":402,"loc":{"start":{"line":402,"column":9},"end":{"line":402,"column":25}}},"28":{"name":"(anonymous_28)","line":405,"loc":{"start":{"line":405,"column":29},"end":{"line":405,"column":40}}},"29":{"name":"(anonymous_29)","line":417,"loc":{"start":{"line":417,"column":15},"end":{"line":417,"column":44}}},"30":{"name":"(anonymous_30)","line":435,"loc":{"start":{"line":435,"column":24},"end":{"line":435,"column":49}}},"31":{"name":"(anonymous_31)","line":446,"loc":{"start":{"line":446,"column":24},"end":{"line":446,"column":39}}},"32":{"name":"(anonymous_32)","line":456,"loc":{"start":{"line":456,"column":20},"end":{"line":456,"column":35}}},"33":{"name":"(anonymous_33)","line":465,"loc":{"start":{"line":465,"column":27},"end":{"line":465,"column":38}}},"34":{"name":"(anonymous_34)","line":475,"loc":{"start":{"line":475,"column":34},"end":{"line":475,"column":49}}},"35":{"name":"(anonymous_35)","line":485,"loc":{"start":{"line":485,"column":24},"end":{"line":485,"column":45}}},"36":{"name":"(anonymous_36)","line":497,"loc":{"start":{"line":497,"column":21},"end":{"line":497,"column":49}}},"37":{"name":"(anonymous_37)","line":511,"loc":{"start":{"line":511,"column":26},"end":{"line":511,"column":54}}}},"statementMap":{"1":{"start":{"line":1,"column":0},"end":{"line":1,"column":31}},"2":{"start":{"line":2,"column":0},"end":{"line":2,"column":29}},"3":{"start":{"line":3,"column":0},"end":{"line":3,"column":33}},"4":{"start":{"line":4,"column":0},"end":{"line":4,"column":41}},"5":{"start":{"line":5,"column":0},"end":{"line":5,"column":40}},"6":{"start":{"line":7,"column":0},"end":{"line":20,"column":2}},"7":{"start":{"line":8,"column":2},"end":{"line":8,"column":40}},"8":{"start":{"line":9,"column":2},"end":{"line":9,"column":21}},"9":{"start":{"line":11,"column":2},"end":{"line":11,"column":35}},"10":{"start":{"line":12,"column":2},"end":{"line":12,"column":43}},"11":{"start":{"line":13,"column":2},"end":{"line":13,"column":69}},"12":{"start":{"line":15,"column":2},"end":{"line":15,"column":29}},"13":{"start":{"line":16,"column":2},"end":{"line":16,"column":22}},"14":{"start":{"line":18,"column":2},"end":{"line":18,"column":24}},"15":{"start":{"line":19,"column":2},"end":{"line":19,"column":39}},"16":{"start":{"line":22,"column":0},"end":{"line":426,"column":2}},"17":{"start":{"line":53,"column":4},"end":{"line":53,"column":20}},"18":{"start":{"line":55,"column":4},"end":{"line":80,"column":5}},"19":{"start":{"line":56,"column":6},"end":{"line":56,"column":49}},"20":{"start":{"line":57,"column":6},"end":{"line":57,"column":63}},"21":{"start":{"line":59,"column":6},"end":{"line":61,"column":7}},"22":{"start":{"line":60,"column":8},"end":{"line":60,"column":17}},"23":{"start":{"line":63,"column":6},"end":{"line":79,"column":7}},"24":{"start":{"line":64,"column":8},"end":{"line":64,"column":40}},"25":{"start":{"line":65,"column":8},"end":{"line":65,"column":46}},"26":{"start":{"line":67,"column":8},"end":{"line":69,"column":9}},"27":{"start":{"line":68,"column":10},"end":{"line":68,"column":19}},"28":{"start":{"line":71,"column":8},"end":{"line":71,"column":77}},"29":{"start":{"line":72,"column":8},"end":{"line":74,"column":9}},"30":{"start":{"line":73,"column":10},"end":{"line":73,"column":33}},"31":{"start":{"line":76,"column":8},"end":{"line":78,"column":9}},"32":{"start":{"line":77,"column":10},"end":{"line":77,"column":16}},"33":{"start":{"line":82,"column":4},"end":{"line":82,"column":33}},"34":{"start":{"line":93,"column":4},"end":{"line":93,"column":21}},"35":{"start":{"line":94,"column":4},"end":{"line":94,"column":37}},"36":{"start":{"line":95,"column":4},"end":{"line":95,"column":35}},"37":{"start":{"line":97,"column":4},"end":{"line":99,"column":6}},"38":{"start":{"line":98,"column":6},"end":{"line":98,"column":39}},"39":{"start":{"line":101,"column":4},"end":{"line":107,"column":6}},"40":{"start":{"line":102,"column":6},"end":{"line":106,"column":7}},"41":{"start":{"line":103,"column":8},"end":{"line":103,"column":17}},"42":{"start":{"line":105,"column":8},"end":{"line":105,"column":16}},"43":{"start":{"line":109,"column":4},"end":{"line":109,"column":67}},"44":{"start":{"line":111,"column":4},"end":{"line":118,"column":6}},"45":{"start":{"line":112,"column":6},"end":{"line":117,"column":8}},"46":{"start":{"line":113,"column":8},"end":{"line":113,"column":53}},"47":{"start":{"line":114,"column":8},"end":{"line":116,"column":11}},"48":{"start":{"line":115,"column":10},"end":{"line":115,"column":48}},"49":{"start":{"line":120,"column":4},"end":{"line":139,"column":5}},"50":{"start":{"line":121,"column":6},"end":{"line":121,"column":49}},"51":{"start":{"line":122,"column":6},"end":{"line":122,"column":63}},"52":{"start":{"line":124,"column":6},"end":{"line":126,"column":7}},"53":{"start":{"line":125,"column":8},"end":{"line":125,"column":17}},"54":{"start":{"line":128,"column":6},"end":{"line":138,"column":7}},"55":{"start":{"line":129,"column":8},"end":{"line":129,"column":40}},"56":{"start":{"line":131,"column":8},"end":{"line":131,"column":46}},"57":{"start":{"line":133,"column":8},"end":{"line":135,"column":9}},"58":{"start":{"line":134,"column":10},"end":{"line":134,"column":19}},"59":{"start":{"line":137,"column":8},"end":{"line":137,"column":65}},"60":{"start":{"line":141,"column":4},"end":{"line":141,"column":34}},"61":{"start":{"line":142,"column":4},"end":{"line":142,"column":26}},"62":{"start":{"line":151,"column":4},"end":{"line":151,"column":41}},"63":{"start":{"line":152,"column":4},"end":{"line":152,"column":41}},"64":{"start":{"line":153,"column":4},"end":{"line":153,"column":22}},"65":{"start":{"line":163,"column":4},"end":{"line":163,"column":23}},"66":{"start":{"line":164,"column":4},"end":{"line":180,"column":5}},"67":{"start":{"line":165,"column":6},"end":{"line":167,"column":7}},"68":{"start":{"line":166,"column":8},"end":{"line":166,"column":15}},"69":{"start":{"line":168,"column":6},"end":{"line":179,"column":7}},"70":{"start":{"line":169,"column":8},"end":{"line":169,"column":38}},"71":{"start":{"line":171,"column":8},"end":{"line":171,"column":27}},"72":{"start":{"line":172,"column":8},"end":{"line":175,"column":9}},"73":{"start":{"line":173,"column":10},"end":{"line":173,"column":26}},"74":{"start":{"line":174,"column":10},"end":{"line":174,"column":65}},"75":{"start":{"line":176,"column":8},"end":{"line":178,"column":9}},"76":{"start":{"line":177,"column":10},"end":{"line":177,"column":35}},"77":{"start":{"line":181,"column":4},"end":{"line":183,"column":5}},"78":{"start":{"line":182,"column":6},"end":{"line":182,"column":19}},"79":{"start":{"line":184,"column":4},"end":{"line":184,"column":21}},"80":{"start":{"line":195,"column":4},"end":{"line":197,"column":5}},"81":{"start":{"line":196,"column":6},"end":{"line":196,"column":23}},"82":{"start":{"line":199,"column":4},"end":{"line":199,"column":79}},"83":{"start":{"line":200,"column":4},"end":{"line":200,"column":18}},"84":{"start":{"line":202,"column":4},"end":{"line":206,"column":5}},"85":{"start":{"line":203,"column":6},"end":{"line":205,"column":7}},"86":{"start":{"line":204,"column":8},"end":{"line":204,"column":31}},"87":{"start":{"line":208,"column":4},"end":{"line":214,"column":5}},"88":{"start":{"line":209,"column":6},"end":{"line":213,"column":7}},"89":{"start":{"line":210,"column":8},"end":{"line":210,"column":29}},"90":{"start":{"line":212,"column":8},"end":{"line":212,"column":15}},"91":{"start":{"line":215,"column":4},"end":{"line":215,"column":16}},"92":{"start":{"line":225,"column":4},"end":{"line":225,"column":25}},"93":{"start":{"line":226,"column":4},"end":{"line":226,"column":39}},"94":{"start":{"line":227,"column":4},"end":{"line":244,"column":5}},"95":{"start":{"line":228,"column":6},"end":{"line":228,"column":40}},"96":{"start":{"line":229,"column":6},"end":{"line":229,"column":30}},"97":{"start":{"line":231,"column":6},"end":{"line":233,"column":7}},"98":{"start":{"line":232,"column":8},"end":{"line":232,"column":43}},"99":{"start":{"line":235,"column":6},"end":{"line":241,"column":7}},"100":{"start":{"line":236,"column":8},"end":{"line":236,"column":60}},"101":{"start":{"line":237,"column":8},"end":{"line":239,"column":9}},"102":{"start":{"line":238,"column":10},"end":{"line":238,"column":31}},"103":{"start":{"line":240,"column":8},"end":{"line":240,"column":34}},"104":{"start":{"line":243,"column":6},"end":{"line":243,"column":46}},"105":{"start":{"line":245,"column":4},"end":{"line":245,"column":23}},"106":{"start":{"line":255,"column":4},"end":{"line":255,"column":48}},"107":{"start":{"line":265,"column":4},"end":{"line":266,"column":16}},"108":{"start":{"line":268,"column":4},"end":{"line":268,"column":27}},"109":{"start":{"line":270,"column":4},"end":{"line":274,"column":5}},"110":{"start":{"line":271,"column":6},"end":{"line":271,"column":40}},"111":{"start":{"line":272,"column":6},"end":{"line":272,"column":31}},"112":{"start":{"line":273,"column":6},"end":{"line":273,"column":48}},"113":{"start":{"line":276,"column":4},"end":{"line":276,"column":16}},"114":{"start":{"line":287,"column":4},"end":{"line":287,"column":44}},"115":{"start":{"line":288,"column":4},"end":{"line":292,"column":5}},"116":{"start":{"line":289,"column":6},"end":{"line":291,"column":7}},"117":{"start":{"line":290,"column":8},"end":{"line":290,"column":20}},"118":{"start":{"line":293,"column":4},"end":{"line":293,"column":17}},"119":{"start":{"line":303,"column":4},"end":{"line":303,"column":55}},"120":{"start":{"line":314,"column":4},"end":{"line":316,"column":5}},"121":{"start":{"line":315,"column":6},"end":{"line":315,"column":18}},"122":{"start":{"line":318,"column":4},"end":{"line":318,"column":52}},"123":{"start":{"line":330,"column":4},"end":{"line":330,"column":49}},"124":{"start":{"line":331,"column":4},"end":{"line":333,"column":5}},"125":{"start":{"line":332,"column":6},"end":{"line":332,"column":19}},"126":{"start":{"line":335,"column":4},"end":{"line":337,"column":5}},"127":{"start":{"line":336,"column":6},"end":{"line":336,"column":54}},"128":{"start":{"line":339,"column":4},"end":{"line":339,"column":16}},"129":{"start":{"line":349,"column":4},"end":{"line":349,"column":49}},"130":{"start":{"line":359,"column":4},"end":{"line":359,"column":47}},"131":{"start":{"line":369,"column":4},"end":{"line":369,"column":34}},"132":{"start":{"line":379,"column":4},"end":{"line":379,"column":39}},"133":{"start":{"line":389,"column":4},"end":{"line":389,"column":51}},"134":{"start":{"line":390,"column":4},"end":{"line":392,"column":5}},"135":{"start":{"line":391,"column":6},"end":{"line":391,"column":37}},"136":{"start":{"line":393,"column":4},"end":{"line":393,"column":24}},"137":{"start":{"line":403,"column":4},"end":{"line":403,"column":49}},"138":{"start":{"line":404,"column":4},"end":{"line":406,"column":5}},"139":{"start":{"line":405,"column":6},"end":{"line":405,"column":51}},"140":{"start":{"line":407,"column":4},"end":{"line":407,"column":25}},"141":{"start":{"line":418,"column":4},"end":{"line":418,"column":53}},"142":{"start":{"line":419,"column":4},"end":{"line":421,"column":5}},"143":{"start":{"line":420,"column":6},"end":{"line":420,"column":80}},"144":{"start":{"line":423,"column":4},"end":{"line":423,"column":40}},"145":{"start":{"line":435,"column":0},"end":{"line":438,"column":2}},"146":{"start":{"line":436,"column":2},"end":{"line":436,"column":28}},"147":{"start":{"line":437,"column":2},"end":{"line":437,"column":14}},"148":{"start":{"line":446,"column":0},"end":{"line":448,"column":2}},"149":{"start":{"line":447,"column":2},"end":{"line":447,"column":25}},"150":{"start":{"line":456,"column":0},"end":{"line":458,"column":2}},"151":{"start":{"line":457,"column":2},"end":{"line":457,"column":29}},"152":{"start":{"line":465,"column":0},"end":{"line":467,"column":2}},"153":{"start":{"line":466,"column":2},"end":{"line":466,"column":29}},"154":{"start":{"line":475,"column":0},"end":{"line":477,"column":2}},"155":{"start":{"line":476,"column":2},"end":{"line":476,"column":43}},"156":{"start":{"line":485,"column":0},"end":{"line":487,"column":2}},"157":{"start":{"line":486,"column":2},"end":{"line":486,"column":47}},"158":{"start":{"line":497,"column":0},"end":{"line":501,"column":2}},"159":{"start":{"line":498,"column":2},"end":{"line":498,"column":40}},"160":{"start":{"line":499,"column":2},"end":{"line":499,"column":27}},"161":{"start":{"line":500,"column":2},"end":{"line":500,"column":44}},"162":{"start":{"line":511,"column":0},"end":{"line":515,"column":2}},"163":{"start":{"line":512,"column":2},"end":{"line":512,"column":40}},"164":{"start":{"line":513,"column":2},"end":{"line":513,"column":32}},"165":{"start":{"line":514,"column":2},"end":{"line":514,"column":44}},"166":{"start":{"line":517,"column":0},"end":{"line":517,"column":27}}},"branchMap":{"1":{"line":59,"type":"if","locations":[{"start":{"line":59,"column":6},"end":{"line":59,"column":6}},{"start":{"line":59,"column":6},"end":{"line":59,"column":6}}]},"2":{"line":59,"type":"binary-expr","locations":[{"start":{"line":59,"column":10},"end":{"line":59,"column":49}},{"start":{"line":59,"column":53},"end":{"line":59,"column":87}}]},"3":{"line":67,"type":"if","locations":[{"start":{"line":67,"column":8},"end":{"line":67,"column":8}},{"start":{"line":67,"column":8},"end":{"line":67,"column":8}}]},"4":{"line":72,"type":"if","locations":[{"start":{"line":72,"column":8},"end":{"line":72,"column":8}},{"start":{"line":72,"column":8},"end":{"line":72,"column":8}}]},"5":{"line":76,"type":"if","locations":[{"start":{"line":76,"column":8},"end":{"line":76,"column":8}},{"start":{"line":76,"column":8},"end":{"line":76,"column":8}}]},"6":{"line":94,"type":"binary-expr","locations":[{"start":{"line":94,"column":13},"end":{"line":94,"column":19}},{"start":{"line":94,"column":23},"end":{"line":94,"column":36}}]},"7":{"line":95,"type":"binary-expr","locations":[{"start":{"line":95,"column":12},"end":{"line":95,"column":17}},{"start":{"line":95,"column":21},"end":{"line":95,"column":34}}]},"8":{"line":102,"type":"if","locations":[{"start":{"line":102,"column":6},"end":{"line":102,"column":6}},{"start":{"line":102,"column":6},"end":{"line":102,"column":6}}]},"9":{"line":124,"type":"if","locations":[{"start":{"line":124,"column":6},"end":{"line":124,"column":6}},{"start":{"line":124,"column":6},"end":{"line":124,"column":6}}]},"10":{"line":124,"type":"binary-expr","locations":[{"start":{"line":124,"column":10},"end":{"line":124,"column":49}},{"start":{"line":124,"column":53},"end":{"line":124,"column":87}}]},"11":{"line":133,"type":"if","locations":[{"start":{"line":133,"column":8},"end":{"line":133,"column":8}},{"start":{"line":133,"column":8},"end":{"line":133,"column":8}}]},"12":{"line":165,"type":"if","locations":[{"start":{"line":165,"column":6},"end":{"line":165,"column":6}},{"start":{"line":165,"column":6},"end":{"line":165,"column":6}}]},"13":{"line":165,"type":"binary-expr","locations":[{"start":{"line":165,"column":10},"end":{"line":165,"column":19}},{"start":{"line":165,"column":23},"end":{"line":165,"column":71}}]},"14":{"line":168,"type":"if","locations":[{"start":{"line":168,"column":6},"end":{"line":168,"column":6}},{"start":{"line":168,"column":6},"end":{"line":168,"column":6}}]},"15":{"line":168,"type":"binary-expr","locations":[{"start":{"line":168,"column":10},"end":{"line":168,"column":37}},{"start":{"line":168,"column":41},"end":{"line":168,"column":63}}]},"16":{"line":174,"type":"cond-expr","locations":[{"start":{"line":174,"column":41},"end":{"line":174,"column":59}},{"start":{"line":174,"column":62},"end":{"line":174,"column":63}}]},"17":{"line":176,"type":"if","locations":[{"start":{"line":176,"column":8},"end":{"line":176,"column":8}},{"start":{"line":176,"column":8},"end":{"line":176,"column":8}}]},"18":{"line":181,"type":"if","locations":[{"start":{"line":181,"column":4},"end":{"line":181,"column":4}},{"start":{"line":181,"column":4},"end":{"line":181,"column":4}}]},"19":{"line":195,"type":"if","locations":[{"start":{"line":195,"column":4},"end":{"line":195,"column":4}},{"start":{"line":195,"column":4},"end":{"line":195,"column":4}}]},"20":{"line":203,"type":"if","locations":[{"start":{"line":203,"column":6},"end":{"line":203,"column":6}},{"start":{"line":203,"column":6},"end":{"line":203,"column":6}}]},"21":{"line":209,"type":"if","locations":[{"start":{"line":209,"column":6},"end":{"line":209,"column":6}},{"start":{"line":209,"column":6},"end":{"line":209,"column":6}}]},"22":{"line":231,"type":"if","locations":[{"start":{"line":231,"column":6},"end":{"line":231,"column":6}},{"start":{"line":231,"column":6},"end":{"line":231,"column":6}}]},"23":{"line":237,"type":"if","locations":[{"start":{"line":237,"column":8},"end":{"line":237,"column":8}},{"start":{"line":237,"column":8},"end":{"line":237,"column":8}}]},"24":{"line":270,"type":"if","locations":[{"start":{"line":270,"column":4},"end":{"line":270,"column":4}},{"start":{"line":270,"column":4},"end":{"line":270,"column":4}}]},"25":{"line":287,"type":"binary-expr","locations":[{"start":{"line":287,"column":16},"end":{"line":287,"column":37}},{"start":{"line":287,"column":41},"end":{"line":287,"column":43}}]},"26":{"line":289,"type":"if","locations":[{"start":{"line":289,"column":6},"end":{"line":289,"column":6}},{"start":{"line":289,"column":6},"end":{"line":289,"column":6}}]},"27":{"line":314,"type":"if","locations":[{"start":{"line":314,"column":4},"end":{"line":314,"column":4}},{"start":{"line":314,"column":4},"end":{"line":314,"column":4}}]},"28":{"line":331,"type":"if","locations":[{"start":{"line":331,"column":4},"end":{"line":331,"column":4}},{"start":{"line":331,"column":4},"end":{"line":331,"column":4}}]},"29":{"line":331,"type":"binary-expr","locations":[{"start":{"line":331,"column":8},"end":{"line":331,"column":47}},{"start":{"line":331,"column":51},"end":{"line":331,"column":77}},{"start":{"line":331,"column":81},"end":{"line":331,"column":100}}]},"30":{"line":335,"type":"if","locations":[{"start":{"line":335,"column":4},"end":{"line":335,"column":4}},{"start":{"line":335,"column":4},"end":{"line":335,"column":4}}]},"31":{"line":390,"type":"if","locations":[{"start":{"line":390,"column":4},"end":{"line":390,"column":4}},{"start":{"line":390,"column":4},"end":{"line":390,"column":4}}]},"32":{"line":404,"type":"if","locations":[{"start":{"line":404,"column":4},"end":{"line":404,"column":4}},{"start":{"line":404,"column":4},"end":{"line":404,"column":4}}]},"33":{"line":419,"type":"if","locations":[{"start":{"line":419,"column":4},"end":{"line":419,"column":4}},{"start":{"line":419,"column":4},"end":{"line":419,"column":4}}]},"34":{"line":419,"type":"binary-expr","locations":[{"start":{"line":419,"column":8},"end":{"line":419,"column":21}},{"start":{"line":419,"column":25},"end":{"line":419,"column":37}}]},"35":{"line":423,"type":"binary-expr","locations":[{"start":{"line":423,"column":11},"end":{"line":423,"column":24}},{"start":{"line":423,"column":28},"end":{"line":423,"column":39}}]}},"code":["var Rules = require('./rules');","var Lang = require('./lang');","var Errors = require('./errors');","var Attributes = require('./attributes');","var AsyncResolvers = require('./async');","","var Validator = function(input, rules, customMessages) {","  var lang = Validator.getDefaultLang();","  this.input = input;","","  this.messages = Lang._make(lang);","  this.messages._setCustom(customMessages);","  this.setAttributeFormatter(Validator.prototype.attributeFormatter);","","  this.errors = new Errors();","  this.errorCount = 0;","","  this.hasAsync = false;","  this.rules = this._parseRules(rules);","};","","Validator.prototype = {","","  constructor: Validator,","","  /**","   * Default language","   *","   * @type {string}","   */","  lang: 'en',","","  /**","   * Numeric based rules","   *","   * @type {array}","   */","  numericRules: ['integer', 'numeric'],","","  /**","   * Attribute formatter.","   *","   * @type {function}","   */","  attributeFormatter: Attributes.formatter,","","  /**","   * Run validator","   *","   * @return {boolean} Whether it passes; true = passes, false = fails","   */","  check: function() {","    var self = this;","","    for (var attribute in this.rules) {","      var attributeRules = this.rules[attribute];","      var inputValue = this._objectPath(this.input, attribute);","","      if (this._hasRule(attribute, ['sometimes']) && !this._suppliedWithData(attribute)) {","        continue;","      }","","      for (var i = 0, len = attributeRules.length, rule, ruleOptions, rulePassed; i < len; i++) {","        ruleOptions = attributeRules[i];","        rule = this.getRule(ruleOptions.name);","","        if (!this._isValidatable(rule, inputValue)) {","          continue;","        }","","        rulePassed = rule.validate(inputValue, ruleOptions.value, attribute);","        if (!rulePassed) {","          this._addFailure(rule);","        }","","        if (this._shouldStopValidating(attribute, rulePassed)) {","          break;","        }","      }","    }","","    return this.errorCount === 0;","  },","","  /**","   * Run async validator","   *","   * @param {function} passes","   * @param {function} fails","   * @return {void}","   */","  checkAsync: function(passes, fails) {","    var _this = this;","    passes = passes || function() {};","    fails = fails || function() {};","","    var failsOne = function(rule, message) {","      _this._addFailure(rule, message);","    };","","    var resolvedAll = function(allPassed) {","      if (allPassed) {","        passes();","      } else {","        fails();","      }","    };","","    var asyncResolvers = new AsyncResolvers(failsOne, resolvedAll);","","    var validateRule = function(inputValue, ruleOptions, attribute, rule) {","      return function() {","        var resolverIndex = asyncResolvers.add(rule);","        rule.validate(inputValue, ruleOptions.value, attribute, function() {","          asyncResolvers.resolve(resolverIndex);","        });","      };","    };","","    for (var attribute in this.rules) {","      var attributeRules = this.rules[attribute];","      var inputValue = this._objectPath(this.input, attribute);","","      if (this._hasRule(attribute, ['sometimes']) && !this._suppliedWithData(attribute)) {","        continue;","      }","","      for (var i = 0, len = attributeRules.length, rule, ruleOptions; i < len; i++) {","        ruleOptions = attributeRules[i];","","        rule = this.getRule(ruleOptions.name);","","        if (!this._isValidatable(rule, inputValue)) {","          continue;","        }","","        validateRule(inputValue, ruleOptions, attribute, rule)();","      }","    }","","    asyncResolvers.enableFiring();","    asyncResolvers.fire();","  },","","  /**","   * Add failure and error message for given rule","   *","   * @param {Rule} rule","   */","  _addFailure: function(rule) {","    var msg = this.messages.render(rule);","    this.errors.add(rule.attribute, msg);","    this.errorCount++;","  },","","  /**","   * Flatten nested object, normalizing { foo: { bar: 1 } } into: { 'foo.bar': 1 }","   *","   * @param  {object} nested object","   * @return {object} flattened object","   */","  _flattenObject: function (obj) {","    var flattened = {};","    function recurse (current, property) {","      if (!property && Object.getOwnPropertyNames(current).length === 0) {","        return;","      }","      if (Object(current) !== current || Array.isArray(current)) {","        flattened[property] = current;","      } else {","        var isEmpty = true;","        for (var p in current) {","          isEmpty = false;","          recurse(current[p], property ? property + \".\" + p : p);","        }","        if (isEmpty) {","          flattened[property] = {};","        }","      }","    }","    if (obj) {","      recurse(obj);","    }","    return flattened;","  },","","  /**","   * Extract value from nested object using string path with dot notation","   *","   * @param  {object} object to search in","   * @param  {string} path inside object","   * @return {any|void} value under the path","   */","  _objectPath: function (obj, path) {","    if (Object.prototype.hasOwnProperty.call(obj, path)) {","      return obj[path];","    }","","    var keys = path.replace(/\\[(\\w+)\\]/g, \".$1\").replace(/^\\./, \"\").split(\".\");","    var copy = {};","","    for (var attr in obj) {","      if (Object.prototype.hasOwnProperty.call(obj, attr)) {","        copy[attr] = obj[attr];","      }","    }","","    for (var i = 0, l = keys.length; i < l; i++) {","      if (Object.hasOwnProperty.call(copy, keys[i])) {","        copy = copy[keys[i]];","      } else {","        return;","      }","    }","    return copy;","  },","","  /**","   * Parse rules, normalizing format into: { attribute: [{ name: 'age', value: 3 }] }","   *","   * @param  {object} rules","   * @return {object}","   */"
[...]
}","};",""],"l":{"1":1}},"/home/travis/build/npmtest/node-npmtest-validatorjs/node_modules/validatorjs/src/lang/it.js":{"path":"/home/travis/build/npmtest/node-npmtest-validatorjs/node_modules/validatorjs/src/lang/it.js","s":{"1":1},"b":{},"f":{},"fnMap":{},"statementMap":{"1":{"start":{"line":1,"column":0},"end":{"line":36,"column":2}}},"branchMap":{},"code":["module.exports = {","  accepted: 'Il campo :attribute deve essere accettato.',","  alpha: 'Il campo :attribute deve contenere sono caratteri alfabetici.',","  alpha_dash: 'Il campo :attribute può contenere solo caratteri alfanumerici oltre a trattini e trattini bassi.',","  alpha_num: 'Il campo :attribute deve essere alfanumerico.',","  between: 'Il campo :attribute deve essere compreso tra :min e :max.',","  confirmed: 'Il campo conferma :attribute non è uguale.',","  email: 'Il formato dell\\'attributo :attribute non è valido.',","  def: 'Gli attributi del campo :attribute contengono degli errori.',","  digits: 'Il campo :attribute deve essere di :digits cifre.',","  different: 'Il campo :attribute e :different devo essere diversi.',","  'in': 'Il valore del campo :attribute non è valido.',","  integer: 'Il campo :attribute deve essere un valore intero.',","  min: {","    numeric: 'Il campo :attribute deve essere maggiore o uguale di :min.',","    string: 'Il campo :attribute deve essere composto da almeno :min caratteri.'","  },","  max: {","    numeric: 'Il campo :attribute deve essere minore o uguale di :max.',","    string: 'Il campo :attribute deve essere composto da massimo :max caratteri.'","  },","  not_in: 'Il campo :attribute non è valido.',","  numeric: 'Il campo :attribute deve essere un numero.',","  present: 'Il campo :attribute deve essere presente (ma può essere vuoto).',","  required: 'Il campo :attribute è richiesto.',","  required_if: 'Il campo :attribute è richiesto quando il campo :other è uguale a :value.',","  same: 'I campi :attribute e :same devono essere uguali.',","  size: {","    numeric: 'La dimensione del campo :attribute deve essere uguale a :size.',","    string: 'Il campo :attribute deve essere di :size caratteri.'","  },","  string: 'Il campo :attribute deve essere una stringa.',","  url: 'Il formato del campo :attribute non è valido.',","  regex: 'Il formato del campo :attribute non è valido.',","  attributes: {}","};",""],"l":{"1":1}},"/home/travis/build/npmtest/node-npmtest-validatorjs/node_modules/validatorjs/src/lang/ja.js":{"path":"/home/travis/build/npmtest/node-npmtest-validatorjs/node_modules/validatorjs/src/lang/ja.js","s":{"1":1},"b":{},"f":{},"fnMap":{},"statementMap":{"1":{"start":{"line":1,"column":0},"end":{"line":36,"column":2}}},"branchMap":{},"code":["module.exports = {","    accepted: ':attributeを確認してください。',","    alpha: ':attributeは英字のみで入力してください。',","    alpha_dash: ':attributeは英字とダッシュと下線のみで入力してください。',","    alpha_num: ':attributeは英数字のみで入力してください。',","    between: ':attributeは:min〜:max文字で入力してください。',","    confirmed: ':attributeは確認が一致しません。',","    email: ':attributeは正しいメールアドレスを入力してください。',","    date: ':attributeは正しい日付形式を入力してください',","    def: ':attributeは検証エラーが含まれています。',","    digits: ':attributeは:digitsの数字のみで入力してください。',","    different: ':attributeと:differentは同じであってはなりません。',","    'in': '選択された:attributeは無効です。',","    integer: ':attributeは整数で入力してください。',","    min        : {","        numeric : \":attributeは:min以上で入力してください。\",","        string  : \":attributeは:min文字以上で入力してください。\"","    },","    max : {","        numeric : \":attributeは:max以下で入力してください。\",","        string  : \":attributeは:max文字以下で入力してください。\"","    },","    not_in      : \"選択された:attributeは無効です。\",","    numeric     : \":attributeは数値で入力してください。\",","    present: 'The :attribute field must be present (but can be empty).',","    required    : \":attributeは必須です。\",","    required_if : \":otherは:valueになったら:attributeは必須です。\",","    same        : \":attributeと:sameは同じでなければなりません。\",","    size        : {","        numeric : \":attributeは:sizeを入力してください。\",","        string  : \":attributeは:size文字で入力してください。\"","    },","    url        : \":attributeは正しいURIを入力してください。\",","    regex      : \":attributeの値 \\\":value\\\" はパターンにマッチする必要があります。\",","    attributes : {}","};",""],"l":{"1":1}},"/home/travis/build/npmtest/node-npmtest-validatorjs/node_modules/validatorjs/src/lang/nb_NO.js":{"path":"/home/travis/build/npmtest/node-npmtest-validatorjs/node_modules/validatorjs/src/lang/nb_NO.js","s":{"1":1},"b":{},"f":{},"fnMap":{},"statementMap":{"1":{"start":{"line":1,"column":0},"end":{"line":37,"column":2}}},"branchMap":{},"code":["module.exports = {","  accepted: ':attribute må være akseptert.',","  alpha: ':attribute feltet kan kun inneholde alfabetiske tegn.',","  alpha_dash: ':attribute feltet kan kun inneholde alfanumeriske tegn, i tillegg til bindestreker og understreker.',","  alpha_num: ':attribute feltet må være alfanumerisk.',","  between: ':attribute feltet må være mellom :min og :max.',","  confirmed: ':attribute feltet stemmer ikke overens med bekreftelsen.',","  email: ':attribute formatet er ugyldig.',","  date: ':attribute er et ugyldig datoformat.',","  def: ':attribute attributtet har feil.',","  digits: ':attribute må være på :digits siffer.',","  different: ':attribute og :different må være forskjellige.',","  'in': 'Den oppgitte verdien for :attribute er ugyldig.',","  integer: ':attribute må være et heltall.',","  min: {","    numeric: ':attribute må minst være :min.',","    string: ':attribute må være på minst :min tegn.'","  },","  max: {","    numeric: ':attribute kan ikke være større enn :max.',","    string: ':attribute kan maks ha :max tegn.'","  },","  'not_in': 'Den oppgitte verdien for :attribute er ugyldig.',","  numeric: ':attribute må være et tall.',","  present: 'The :attribute field must be present (but can be empty).',","  required: ':attribute feltet er påkrevd.',","  required_if: ':attribute er påkrevd når :other er :value.',","  same: ':attribute og :same må være like.',","  size: {","    numeric: ':attribute må ha størrelsen :size.',","    string: ':attribute må ha :size tegn.'","  },","  string: ':attribute må være tekst.',","  url: ':attribute formatet er ugyldig.',","  regex: ':attribute formatet er ugyldig.',","  attributes: {}","};",""],"l":{"1":1}},"/home/travis/build/npmtest/node-npmtest-validatorjs/node_modules/validatorjs/src/lang/pl.js":{"path":"/home/travis/build/npmtest/node-npmtest-validatorjs/node_modules/validatorjs/src/lang/pl.js","s":{"1":1},"b":{},"f":{},"fnMap":{},"statementMap":{"1":{"start":{"line":1,"column":0},"end":{"line":37,"column":2}}},"branchMap":{},"code":["module.exports = {","    accepted: 'Pole :attribute musi być zaakceptowane.',","    alpha: 'Pole :attribute może zawierać tylko litery.',","    alpha_dash: 'Pole :attribute moze zawierać tylko litery, myślnik i podrkeślenie.',","    alpha_num: 'Pole :attribute moze zawierac tylko znaki alfanumeryczne.',","    between: 'Pole :attribute musi mieć długość od :min do :max.',","    confirmed: 'Pole :attribute nie spełnia warunku potwierdzenia.',","    email: 'Pole :attribute ma niepoprawny format adresu email.',","    date: 'Pole :attribute musi mieć poprawny format daty.',","    def: 'Pole :attribute zawiera błędy.',","    digits: 'Pole :attribute może zawierać tylko cyfry ze zbioru :digits.',","    different: 'Pola :attribute i :different muszą się różnić.',","    'in': 'Pole :attribute musi należeć do zbioru :in.',","    integer: 'Pole :attribute musi być liczbą całkowitą.',","    min: {","        numeric: 'Pole :attribute musi być równe conajmniej :min.',","        string: 'Pole :attribute musi zawierać conajmniej :min znaków.'","    },","    max: {","        numeric: 'Pole :attribute nie moze być większe :max.',","        string: 'Pole :attribute nie moze być dłuższe niż :max znaków.'","    },","    not_in: 'Pole :attribute nie może należeć do zbioru :not_in.',","    numeric: 'Pole :attribute musi być liczbą.',","    present: 'Polu :attribute musi być obecny (ale może być pusta).',","    required: 'Pole :attribute jest wymagane.',","    required_if: 'Pole :attribute jest wymagane jeśli pole :other jest równe :value.',","    same: 'Pola :attribute i :same muszą być takie same.',","    size: {","        numeric: 'Pole :attribute musi być równe :size.',","        string: 'Pole :attribute musi zawierać :size znaków.'","    },","    string: 'Pole :attribute musi być ciągiem znaków.',","    url: 'Pole :attribute musi być poprawnym adresem URL.',","    regex: 'Pole :attribute nie spełnia warunku.',","    attributes: {}","};",""],"l":{"1":1}},"/home/travis/build/npmtest/node-npmtest-validatorjs/node_modules/validatorjs/src/lang/pt.js":{"path":"/home/travis/build/npmtest/node-npmtest-validatorjs/node_modules/validatorjs/src/lang/pt.js","s":{"1":1},"b":{},"f":{},"fnMap":{},"statementMap":{"1":{"start":{"line":1,"column":0},"end":{"line":37,"column":2}}},"branchMap":{},"code":["module.exports = {","  accepted: 'O :attribute precisa ser aceito.',","  alpha: 'O campo :attribute só pode conter letras.',","  alpha_dash: 'O campo :attribute só pode conter letras, números, hífens e sublinha.',","  alpha_num: 'O campo :attribute só pode conter letras e números.',","  between: 'O campo :attribute precisa estar entre :min e :max.',","  confirmed: 'A confirmação de :attribute não coincide.',","  email: 'O formato de :attribute é inválido.',","  date: 'O :attribute não é um formato de data válido',","  def: 'O atributo :attribute contém erros.',","  digits: 'O atributo :attribute precisa ter :digits dígitos.',","  different: 'O :attribute e :different precisam ser diferentes.',","  'in': 'O atributo selecionado :attribute é inválido.',","  integer: 'O :attribute precisa ser um inteiro.',","  min: {","    numeric: 'O :attribute precisa ser no mínimo :min.',","    string: 'O :attribute precisa ter no mínimo :min caracteres.'","  },","  max: {","    numeric: 'O :attribute não pode ser maior que :max.',","    string: 'O :attribute não pode ter mais que :max caracteres.'","  },","  not_in: 'O :attribute selecionado é inválido.',","  numeric: 'O :attribute precisa ser um número.',","  present: 'O campo :attribute deve estar presente (mas pode estar vazio).',","  required: 'O campo :attribute é obrigatório.',","  required_if: 'O campo :attribute é obrigatório quando :other é :value.',","  same: 'Os campos :attribute e :same precisam ser iguais.',","  size: {","    numeric: 'O :attribute precisa ser :size.',","    string: 'O :attribute precisa ter :size caracteres.'","  },","  string: 'O :attribute precisa ser uma palavra.',","  url: 'O formato de :attribute é inválido.',","  regex: 'O formato de :attribute é inválido.',","  attributes: {}","};",""],"l":{"1":1}},"/home/travis/build/npmtest/node-npmtest-validatorjs/node_modules/validatorjs/src/lang/ru.js":{"path":"/home/travis/build/npmtest/node-npmtest-validatorjs/node_modules/validatorjs/src/lang/ru.js","s":{"1":1},"b":{},"f":{},"fnMap":{},"statementMap":{"1":{"start":{"line":1,"column":0},"end":{"line":35,"column":2}}},"branchMap":{},"code":["module.exports = {","  accepted: 'Вы должны принять :attribute.',","  alpha: 'Поле :attribute может содержать только буквы.',","  alpha_dash: 'Поле :attribute может содержать только буквы, цифры, дефисы и символы подчёркивания.',","  alpha_num: 'Поле :attribute может содержать только буквы и цифры.',","  between: 'Поле :attribute должно быть между :min и :max.',","  confirmed: 'Поле :attribute не совпадает с подтверждением.',","  email: 'Поле :attribute должно быть действительным электронным адресом.',","  def: 'Поле :attribute содержит ошибки.',","  digits: 'Длина цифрового поля :attribute должна быть :digits.',","  different: 'Поля :attribute и :different должны различаться.',","  'in': 'Выбранное значение для :attribute ошибочно.',","  integer: 'Поле :attribute должно быть целым числом.',","  min: {","    numeric: 'Значение поля :attribute должно быть больше или равно :min.',","    string: 'Количество символов в поле :attribute должно быть не менее :min.'","  },","  max: {","    numeric: 'Значение поля :attribute должно быть меньше или равно :max.',","    string: 'Количество символов в поле :attribute не может превышать :max.'","  },","  not_in: 'Выбранное значение для :attribute ошибочно.',","  numeric: 'Поле :attribute должно быть числом.',","  present: 'Поле :attribute должно присутствовать (но может быть пустым).',","  required: 'Поле :attribute обязательно для заполнения.',","  required_if: 'Поле :attribute требуется когда значения поля :other равно :value.',","  same: 'Значение :attribute должно совпадать с :same.',","  size: {","    numeric: 'Значение поля :attribute должно быть равным :size.',","    string: 'Количество символов в поле :attribute должно быть равно :size.'","  },","  url: 'Поле :attribute должно содержать валидный URL.',","  regex: 'Неверный формат поля :attribute.',","  attributes: {}","};",""],"l":{"1":1}},"/home/travis/build/npmtest/node-npmtest-validatorjs/node_modules/validatorjs/src/lang/tr.js":{"path":"/home/travis/build/npmtest/node-npmtest-validatorjs/node_modules/validatorjs/src/lang/tr.js","s":{"1":1},"b":{},"f":{},"fnMap":{},"statementMap":{"1":{"start":{"line":1,"column":0},"end":{"line":37,"column":2}}},"branchMap":{},"code":["module.exports = {","  accepted: ':attribute kabul edilmeli.',","  alpha: ':attribute alanı sadece harflerden oluşabilir.',","  alpha_dash: ':attribute alanı sadece alfa-nümerik, tire ve alt çizgi karakterlerden oluşabilir.',","  alpha_num: ':attribute alanı alfa-nümerik olmalıdır.',","  between: ':attribute alanı :min ile :max arasında olabilir.',","  confirmed: ':attribute uyuşmuyor.',","  email: ':attribute formatı geçersiz.',","  date: ':attribute geöerli bir tarih alanı değil.',","  def: ':attribute hatalar içeriyor.',","  digits: ':attribute sadece rakamlardan oluşabilir.',","  different: ':attribute ve :different farklı olmalı.',","  'in': 'Seçilen :attribute geçerli değil.',","  integer: ':attribute tam sayı olmalı.',","  min: {","    numeric: ':attribute en az :min olmalı.',","    string: ':attribute en az :min karakter uzunluğunda olmalı.'","  },","  max: {","    numeric: ':attribute en çok :max olabilir.',","    string: ':attribute uzunluğu en çok :max karakter uzunluğunda olabilir.'","  },","  not_in: 'Seçilen :attribute geçerli değil.',","  numeric: ':attribute sayı olmalı.',","  present: ':attribute alanı bulunmalıdır (ancak boş olabilir).',","  required: ':attribute alanı gerekli.',","  required_if: ':attribute alanı :other alanı :value olduğunda gerekli.',","  same: ':attribute ve :same aynı olmalı.',","  size: {","    numeric: ':attribute :size olmalı.',","    string: ':attribute :size karakter uzunluğunda olmalı.'","  },","  string: ':attribute alfa-numerik olmalı.',","  url: ':attribute formatı geçersiz.',","  regex: ':attribute formatı geçersiz.',","  attributes: {}","};",""],"l":{"1":1}},"/home/travis/build/npmtest/node-npmtest-validatorjs/node_modules/validatorjs/src/lang/vi.js":{"path":"/home/travis/build/npmtest/node-npmtest-validatorjs/node_modules/validatorjs/src/lang/vi.js","s":{"1":1},"b":{},"f":{},"fnMap":{},"statementMap":{"1":{"start":{"line":1,"column":0},"end":{"line":37,"column":2}}},"branchMap":{},"code":["module.exports = {","  accepted: ':attribute phải được chấp nhận.',","  alpha: 'Trường :attribute phải là ký tự',","  alpha_dash: ':attribute chỉ chấp nhận ký tự chữ cái, số, dấu gạch chéo và gạch dưới.',","  alpha_num: ':attribute phải là ký tự chữ cái hoặc chữ số.',","  between: ':attribute phải nằm trong khoảng :min và :max.',","  confirmed: ':attribute xác nhận không trùng khớp.',","  email: ':attribute không phải là email.',","  date: ':attribute không phải là ngày hợp lệ',","  def: 'Thuộc tính :attribute có lỗi.',","  digits: ':attribute phải là số và có chiều dài bằng :digits.',","  different: 'Giá trị của hai trường :attribute và :different phải khác nhau.',","  'in': 'Giá trị được chọn của :attribute không hợp lệ.',","  integer: ':attribute phải là số nguyên.',","  min: {","    numeric: ':attribute phải lớn hơn hoặc bằng :min.',","    string: ':attribute phải có ít nhất :min ký tự.'","  },","  max: {","    numeric: ':attribute phải nhỏ hơn hoặc bằng :max.',","    string: ':attribute phải có ít hơn :max ký tự.'","  },","  not_in: 'Giá trị được chọn của trường :attribute không hợp lệ.',","  numeric: ':attribute phải là số.',","  present: 'Trường :attribute phải có mặt (nhưng có thể để trống).',","  required: ':attribute bắt buộc nhập.',","  required_if: ':attribute là bắt buộc khi :other có giá trị :value.',","  same: 'Giá trị của :attribute và :same phải như nhau.',","  size: {","    numeric: ':attribute phải có chiều dài của bằng :size.',","    string: 'Số ký tự của :attribute phải là :size ký tự.'","  },","  string: ':attribute không phải là một chuỗi',","  url: ':attribute không phải là một Url hợp lệ.',","  regex: ':attribute không đúng định dạng',","  attributes: {}","};",""],"l":{"1":1}},"/home/travis/build/npmtest/node-npmtest-validatorjs/node_modules/validatorjs/src/lang/zh.js":{"path":"/home/travis/build/npmtest/node-npmtest-validatorjs/node_modules/validatorjs/src/lang/zh.js","s":{"1":1},"b":{},"f":{},"fnMap":{},"statementMap":{"1":{"start":{"line":1,"column":0},"end":{"line":37,"column":2}}},"branchMap":{},"code":["module.exports = {","  accepted: ':attribute必须是可接受的.',","  alpha: ':attribute只能包含字母.',","  alpha_dash: ':attribute只能包含字母,连字符和下划线.',","  alpha_num: ':attribute只能包含字母和数字.',","  between: ':attribute的(大小,长度等)只能在:min和:max之间.',","  confirmed: ':attribute确认不一致.',","  email: ':attribute格式不正确.',","  date: ':attribute日期格式错误.',","  def: ':attribute属性错误.',","  digits: ':attribute必须是:digits位小数.',","  different: ':attribute和:different必须不同.',","  'in': '选择的:attribute无效',","  integer: ':attribute必须是一个整数.',","  min: {","    numeric: ':attribute不能小于:min.',","    string: ':attribute长度不能小于:min.'","  },","  max: {","    numeric: ':attribute不能大于:max.',","    string: ':attribute长度不能大于:max.'","  },","  not_in: '所选的:attribute无效.',","  numeric: ':attribute必须是一个数字.',","  present: 'The :attribute field must be present (but can be empty).',","  required: ':attribute不能为空.',","  required_if: '当:other是:value时,:attribute不能为空.',","  same: ':attribute和:same必须一致.',","  size: {","    numeric: ':attribute必须等于:size.',","    string: ':attribute的长度必须等于:size.'","  },","  string: ':attribute必须是一个字符串.',","  url: ':attribute格式不正确.',","  regex: ':attribute格式不正确.',","  attributes: {}","};",""],"l":{"1":1}},"/home/travis/build/npmtest/node-npmtest-validatorjs/node_modules/validatorjs/src/lang/zh_TW.js":{"path":"/home/travis/build/npmtest/node-npmtest-validatorjs/node_modules/validatorjs/src/lang/zh_TW.js","s":{"1":1},"b":{},"f":{},"fnMap":{},"statementMap":{"1":{"start":{"line":1,"column":0},"end":{"line":37,"column":2}}},"branchMap":{},"code":["module.exports = {","  accepted: ':attribute必須接受。',","  alpha: ':attribute只能包含字母。',","  alpha_dash: ':attribute只能包含字母，連字符和下划線。',","  alpha_num: ':attribute只能包含字母和數字。',","  between: ':attribute的值只能在:min和:max之間。',","  confirmed: ':attribute與確認輸入不一致。',","  email: ':attribute的格式錯誤。',","  date: ':attribute的日期格式錯誤。',","  def: ':attribute屬性錯誤。',","  digits: ':attribute必須是:digits位小數。',","  different: ':attribute和:different必須不同。',","  'in': '選擇的:attribute無效',","  integer: ':attribute必須是一個整數。',","  min: {","    numeric: ':attribute不能小於:min。',","    string: ':attribute的長度不能小於:min.'","  },","  max: {","    numeric: ':attribute不能大於:max。',","    string: ':attribute的長度不能大於:max.'","  },","  not_in: '所選的:attribute無效。',","  numeric: ':attribute必須是一個數字。',","  present: 'The :attribute field must be present (but can be empty).',","  required: ':attribute不能空白。',","  required_if: '當:other是:value時,:attribute不能空白。',","  same: ':attribute和:same必須一致。',","  size: {","    numeric: ':attribute必須等於:size。',","    string: ':attribute的長度必須等於:size.'","  },","  string: ':attribute必須是一個字串。',","  url: ':attribute格式不正確。',","  regex: ':attribute格式不正確。',","  attributes: {}","};",""],"l":{"1":1}}}